#
# A fatal error has been detected by the Java Runtime Environment:
#
#  Internal Error (jvmciRuntime.cpp:1609), pid=20, tid=34
#  fatal error: Fatal exception in JVMCI: Error calling jdk.vm.ci.services.Services.serializeSavedProperties
#
# JRE version: OpenJDK Runtime Environment GraalVM CE 22.3.0 (17.0.5+8) (build 17.0.5+8-jvmci-22.3-b08)
# Java VM: OpenJDK 64-Bit Server VM GraalVM CE 22.3.0 (17.0.5+8-jvmci-22.3-b08, mixed mode, sharing, tiered, jvmci, jvmci compiler, compressed oops, compressed class ptrs, parallel gc, linux-amd64)
# Problematic frame:
# V  [libjvm.so+0x972714]  JVMCIRuntime::fatal_exception(JVMCIEnv*, char const*)+0x74
#
# Core dump will be written. Default location: Core dumps may be processed with "/usr/share/apport/apport -p%p -s%s -c%c -d%d -P%P -u%u -g%g -- %E" (or dumping to /home/runner/GPA-Calculator/core.20)
#
# If you would like to submit a bug report, please visit:
#   https://github.com/oracle/graal/issues
#

---------------  S U M M A R Y ------------

Command Line: -XX:ThreadPriorityPolicy=1 -XX:+UnlockExperimentalVMOptions -XX:+EnableJVMCIProduct -XX:JVMCIThreadsPerNativeLibraryRuntime=1 -XX:-UnlockExperimentalVMOptions -Declipse.application=org.eclipse.jdt.ls.core.id1 -Dosgi.bundles.defaultStartLevel=4 -Declipse.product=org.eclipse.jdt.ls.core.product -Dlog.level=ALL -Xverify:none -XX:+UseParallelGC -XX:GCTimeRatio=4 -XX:AdaptiveSizePolicyWeight=90 -Dsun.zip.disableMemoryMapping=true -Xmx512m -Xms100m /nix/store/m6gcpi1ii6rghy04cjwjddcavv7i90df-jdt-language-server-1.9.0/share/java/plugins/org.eclipse.equinox.launcher_1.6.400.v20210924-0641.jar --add-modules=ALL-SYSTEM --add-opens java.base/java.util=ALL-UNNAMED --add-opens java.base/java.lang=ALL-UNNAMED -configuration /home/runner/.cache/jdt-language-server/config -data /home/runner/.cache/jdt-language-server/data/home/runner/GPA-Calculator

Host: AMD EPYC 7B12, 8 cores, 1G, Ubuntu 20.04.2 LTS
Time: Fri Mar 31 16:36:43 2023 UTC elapsed time: 1603.555744 seconds (0d 0h 26m 43s)

---------------  T H R E A D  ---------------

Current thread (0x00007efd640b2210):  JavaThread "JVMCI-native CompilerThread0" daemon [_thread_in_vm, id=34, stack(0x00007efd4aa00000,0x00007efd4ac00000)]


Current CompileTask:
JVMCI-native:1603566 10474       4       java.lang.Integer::parseInt (264 bytes)

Stack: [0x00007efd4aa00000,0x00007efd4ac00000],  sp=0x00007efd4abfe380,  free space=2040k
Native frames: (J=compiled Java code, j=interpreted, Vv=VM code, C=native code)
V  [libjvm.so+0x972714]  JVMCIRuntime::fatal_exception(JVMCIEnv*, char const*)+0x74
V  [libjvm.so+0x93e2fe]  JVMCIEnv::copy_saved_properties()+0x14e
V  [libjvm.so+0x9732a9]  JVMCIRuntime::initialize(JVMCIEnv*)+0xb19
V  [libjvm.so+0x9738a2]  JVMCIRuntime::get_HotSpotJVMCIRuntime(JVMCIEnv*)+0x12
V  [libjvm.so+0x9749f2]  JVMCIRuntime::compile_method(JVMCIEnv*, JVMCICompiler*, methodHandle const&, int)+0xd2
V  [libjvm.so+0x5b0d20]  CompileBroker::invoke_compiler_on_method(CompileTask*)+0x1470
V  [libjvm.so+0x5b12e8]  CompileBroker::compiler_thread_loop()+0x528
V  [libjvm.so+0xd82460]  JavaThread::thread_main_inner()+0xd0
V  [libjvm.so+0xd85a40]  Thread::call_run()+0xc0
V  [libjvm.so+0xbdb1e1]  thread_native_entry(Thread*)+0xe1

Register to memory mapping:

RAX=0x00007efd6a7db000 points into unknown readable memory: 0x0000000000000058 | 58 00 00 00 00 00 00 00
RBX=0x00007efd6b8d6398: <offset 0x0000000000ef5398> in /nix/store/gpxl5qgg8kicmcvivwmybwjlpf7wh20l-graalvm17-ce-22.3.0/lib/server/libjvm.so at 0x00007efd6a9e1000
RCX=0x00007efd6b88e1e8: <offset 0x0000000000ead1e8> in /nix/store/gpxl5qgg8kicmcvivwmybwjlpf7wh20l-graalvm17-ce-22.3.0/lib/server/libjvm.so at 0x00007efd6a9e1000
RDX=0x0000000000000649 is an unknown value
RSP=0x00007efd4abfe380 is pointing into the stack for thread: 0x00007efd640b2210
RBP=0x00007efd4abfe3a0 is pointing into the stack for thread: 0x00007efd640b2210
RSI=0x00007efd6b8d6c48: <offset 0x0000000000ef5c48> in /nix/store/gpxl5qgg8kicmcvivwmybwjlpf7wh20l-graalvm17-ce-22.3.0/lib/server/libjvm.so at 0x00007efd6a9e1000
RDI=0x00000000e0000000 is an oop: java.lang.String 
{0x00000000e0000000} - klass: 'java/lang/String'
 - string: "org.eclipse.osgi.container.ModuleRevisionBuilder"
R8 =0x00007efd6b8d6398: <offset 0x0000000000ef5398> in /nix/store/gpxl5qgg8kicmcvivwmybwjlpf7wh20l-graalvm17-ce-22.3.0/lib/server/libjvm.so at 0x00007efd6a9e1000
R9 =0x00007efd4abfe330 is pointing into the stack for thread: 0x00007efd640b2210
R10=0x00007efd4abff948 is pointing into the stack for thread: 0x00007efd640b2210
R11=0x0000000000000293 is an unknown value
R12=0x0 is NULL
R13=0x00007efd640b2210 is a thread
R14=0x00007efd64000b80 points into unknown readable memory: 0x00007efd6bb07a38 | 38 7a b0 6b fd 7e 00 00
R15=0x00007efd6bc15e40: <offset 0x0000000001234e40> in /nix/store/gpxl5qgg8kicmcvivwmybwjlpf7wh20l-graalvm17-ce-22.3.0/lib/server/libjvm.so at 0x00007efd6a9e1000


Registers:
RAX=0x00007efd6a7db000, RBX=0x00007efd6b8d6398, RCX=0x00007efd6b88e1e8, RDX=0x0000000000000649
RSP=0x00007efd4abfe380, RBP=0x00007efd4abfe3a0, RSI=0x00007efd6b8d6c48, RDI=0x00000000e0000000
R8 =0x00007efd6b8d6398, R9 =0x00007efd4abfe330, R10=0x00007efd4abff948, R11=0x0000000000000293
R12=0x0000000000000000, R13=0x00007efd640b2210, R14=0x00007efd64000b80, R15=0x00007efd6bc15e40
RIP=0x00007efd6b353714, EFLAGS=0x0000000000010206, CSGSFS=0x002b000000000033, ERR=0x0000000000000006
  TRAPNO=0x000000000000000e

Top of Stack: (sp=0x00007efd4abfe380)
0x00007efd4abfe380:   00007efd4abfe940 00007efd640b2210
0x00007efd4abfe390:   00007efd6916c8c8 0000000800c417a0
0x00007efd4abfe3a0:   00007efd4abfe500 00007efd6b31f2fe
0x00007efd4abfe3b0:   00007efd4abfe3e0 00007efd4abfe440 

Instructions: (pc=0x00007efd6b353714)
0x00007efd6b353614:   30 e8 f6 cf e8 ff 4c 89 e7 e8 2e 48 d1 ff 84 db
0x00007efd6b353624:   75 2a 4d 85 ed 74 04 4d 8b 6d 00 48 83 c4 08 44
0x00007efd6b353634:   89 f9 4c 89 f2 4c 89 ee 5b 4c 89 e7 41 5c 41 5d
0x00007efd6b353644:   41 5e 41 5f 5d e9 e2 47 d1 ff 66 90 48 83 c4 08
0x00007efd6b353654:   5b 41 5c 41 5d 41 5e 41 5f 5d c3 90 31 d2 be 08
0x00007efd6b353664:   00 00 00 4c 89 ff e8 b1 78 a3 ff 49 89 c5 e9 37
0x00007efd6b353674:   ff ff ff 66 0f 1f 84 00 00 00 00 00 48 8b 7a 08
0x00007efd6b353684:   e9 6d ff ff ff 0f 1f 80 00 00 00 00 e8 5b 48 0a
0x00007efd6b353694:   00 84 c0 75 89 e9 6a ff ff ff 66 90 55 48 89 e5
0x00007efd6b3536a4:   41 56 41 55 41 54 49 89 fc 53 48 89 f3 66 48 8d
0x00007efd6b3536b4:   3d 27 5e 85 00 66 66 48 e8 df 43 8d ff 4c 8b 28
0x00007efd6b3536c4:   8b 05 be 72 8a 00 85 c0 75 14 ba 01 00 00 00 48
0x00007efd6b3536d4:   8d 0d ae 72 8a 00 f0 0f b1 11 85 c0 74 4e be c8
0x00007efd6b3536e4:   00 00 00 4c 89 ef e8 01 0b 41 00 48 8d 05 12 ac
0x00007efd6b3536f4:   85 00 49 89 d8 48 8d 0d e8 aa 53 00 ba 49 06 00
0x00007efd6b353704:   00 48 8d 35 3c 35 58 00 bf 00 00 00 e0 48 8b 00
0x00007efd6b353714:   c6 00 58 31 c0 e8 e2 91 c6 ff 5b 41 5c 41 5d 41
0x00007efd6b353724:   5e 5d e9 55 34 26 00 0f 1f 44 00 00 48 8d 05 81
0x00007efd6b353734:   a3 8b 00 48 89 df 4c 8b 30 e8 9e 43 8d ff 48 89
0x00007efd6b353744:   de 48 89 c2 49 8b 06 4c 89 f7 ff 50 08 4c 89 f7
0x00007efd6b353754:   e8 a7 5c 27 00 4d 85 e4 74 12 be 01 00 00 00 4c
0x00007efd6b353764:   89 e7 e8 35 43 fc ff eb 82 0f 1f 00 be 01 00 00
0x00007efd6b353774:   00 4c 89 ef e8 d3 fd ff ff e9 6d ff ff ff 66 66
0x00007efd6b353784:   2e 0f 1f 84 00 00 00 00 00 0f 1f 00 55 48 89 e5
0x00007efd6b353794:   41 57 41 56 41 55 41 54 53 48 81 ec 08 02 00 00
0x00007efd6b3537a4:   64 48 8b 04 25 28 00 00 00 48 89 45 c8 8b 07 83
0x00007efd6b3537b4:   f8 02 0f 84 11 04 00 00 4c 8b 6f 18 49 89 ff 49
0x00007efd6b3537c4:   89 f4 4d 85 ed 74 14 4c 89 ef e8 5d 57 22 00 41
0x00007efd6b3537d4:   8b 07 83 f8 02 0f 84 19 04 00 00 48 8d 1d 9a 06
0x00007efd6b3537e4:   8a 00 4c 8d 35 0b 3c 58 00 eb 38 90 48 85 d2 7f
0x00007efd6b3537f4:   0d 48 8d 05 b4 c0 85 00 48 83 38 00 7e 0e 41 8b
0x00007efd6b353804:   77 2c 4c 89 f7 31 c0 e8 a0 b2 f7 ff 49 8b 7f 18 


Stack slot to memory mapping:
stack at sp + 0 slots: 0x00007efd4abfe940 is pointing into the stack for thread: 0x00007efd640b2210
stack at sp + 1 slots: 0x00007efd640b2210 is a thread
stack at sp + 2 slots: 0x00007efd6916c8c8 points into unknown readable memory: 0x6573001880c9ffff | ff ff c9 80 18 00 73 65
stack at sp + 3 slots: 0x0000000800c417a0 is a pointer to class: 
jdk.vm.ci.services.Services {0x0000000800c417a0}
 - instance size:     2
 - klass size:        65
 - access:            public final synchronized 
 - state:             fully_initialized
 - name:              'jdk/vm/ci/services/Services'
 - super:             'java/lang/Object'
 - sub:               
 - arrays:            NULL
 - methods:           Array<T>(0x00007efd4ac3af08)
 - method ordering:   Array<T>(0x0000000800928960)
 - default_methods:   Array<T>(0x0000000000000000)
 - local interfaces:  Array<T>(0x00000008005ce810)
 - trans. interfaces: Array<T>(0x00000008005ce810)
 - constants:         constant pool [427] {0x00007efd4ac39fe8} for 'jdk/vm/ci/services/Services' cache=0x00007efd4ac3c1d8
 - class loader data:  loader data: 0x00007efd640283f0 of 'bootstrap'
 - source file:       'Services.java'
 - class annotations:       Array<T>(0x0000000000000000)
 - class type annotations:  Array<T>(0x0000000000000000)
 - field annotations:       Array<T>(0x0000000000000000)
 - field type annotations:  Array<T>(0x0000000000000000)
 - inner classes:     Array<T>(0x00007efd4ac3c1a8)
 - nest members:     Array<T>(0x00007efd4ac3c1c8)
 - permitted subclasses:     Array<T>(0x00000008005ce7a0)
 - java mirror:       a 'java/lang/Class'{0x00000000e0179d08} = 'jdk/vm/ci/services/Services'
 - vtable length      5  (start addr: 0x0000000800c41970)
 - itable length      2 (start addr: 0x0000000800c41998)
 - ---- static fields (3 words):
 - public static final 'IS_BUILDING_NATIVE_IMAGE' 'Z' @128 
 - public static final 'IS_IN_NATIVE_IMAGE' 'Z' @129 
 - private static volatile 'savedProperties' 'Ljava/util/Map;' @112 
 - static final 'JVMCI_ENABLED' 'Z' @130 
 - private static final 'servicesCache' 'Ljava/util/Map;' @116 
 - private static final 'MAX_UNICODE_IN_UTF8_LENGTH' 'I' @120 
 - private static final 'MAX_UTF8_PROPERTY_STRING_LENGTH' 'I' @124 
 - ---- non-static fields (0 words):
 - non-static oop maps: 
stack at sp + 4 slots: 0x00007efd4abfe500 is pointing into the stack for thread: 0x00007efd640b2210
stack at sp + 5 slots: 0x00007efd6b31f2fe: <offset 0x000000000093e2fe> in /nix/store/gpxl5qgg8kicmcvivwmybwjlpf7wh20l-graalvm17-ce-22.3.0/lib/server/libjvm.so at 0x00007efd6a9e1000
stack at sp + 6 slots: 0x00007efd4abfe3e0 is pointing into the stack for thread: 0x00007efd640b2210
stack at sp + 7 slots: 0x00007efd4abfe440 is pointing into the stack for thread: 0x00007efd640b2210


---------------  P R O C E S S  ---------------

Threads class SMR info:
_java_thread_list=0x00007efcb0000b70, length=27, elements={
0x00007efd64026690, 0x00007efd640a64d0, 0x00007efd640a7910, 0x00007efd640ae080,
0x00007efd640af430, 0x00007efd640b0820, 0x00007efd640b2210, 0x00007efd640b3720,
0x00007efd640b4b70, 0x00007efd640d80a0, 0x00007efd641205b0, 0x00007efd6431aa60,
0x00007efd641d56d0, 0x00007efd641efc90, 0x00007efd64460c10, 0x00007efcf8017210,
0x00007efcf82ea8d0, 0x00007efcec0010d0, 0x00007efcf84f47f0, 0x00007efcf865eb00,
0x00007efce0001220, 0x00007efd644c1d60, 0x00007efd64478300, 0x00007efcf40e0110,
0x00007efcd44134b0, 0x00007efcf4001560, 0x00007efccc01d4d0
}

Java Threads: ( => current thread )
  0x00007efd64026690 JavaThread "main" [_thread_blocked, id=26, stack(0x00007efd6a7fc000,0x00007efd6a8fc000)]
  0x00007efd640a64d0 JavaThread "Reference Handler" daemon [_thread_blocked, id=29, stack(0x00007efd68813000,0x00007efd68913000)]
  0x00007efd640a7910 JavaThread "Finalizer" daemon [_thread_blocked, id=30, stack(0x00007efd68713000,0x00007efd68813000)]
  0x00007efd640ae080 JavaThread "Signal Dispatcher" daemon [_thread_blocked, id=31, stack(0x00007efd6832d000,0x00007efd6842d000)]
  0x00007efd640af430 JavaThread "Service Thread" daemon [_thread_blocked, id=32, stack(0x00007efd6822d000,0x00007efd6832d000)]
  0x00007efd640b0820 JavaThread "Monitor Deflation Thread" daemon [_thread_blocked, id=33, stack(0x00007efd6812d000,0x00007efd6822d000)]
=>0x00007efd640b2210 JavaThread "JVMCI-native CompilerThread0" daemon [_thread_in_vm, id=34, stack(0x00007efd4aa00000,0x00007efd4ac00000)]
  0x00007efd640b3720 JavaThread "C1 CompilerThread0" daemon [_thread_blocked, id=35, stack(0x00007efd4a800000,0x00007efd4aa00000)]
  0x00007efd640b4b70 JavaThread "Sweeper thread" daemon [_thread_blocked, id=36, stack(0x00007efd6802d000,0x00007efd6812d000)]
  0x00007efd640d80a0 JavaThread "Common-Cleaner" daemon [_thread_blocked, id=37, stack(0x00007efd4a700000,0x00007efd4a800000)]
  0x00007efd641205b0 JavaThread "Notification Thread" daemon [_thread_blocked, id=40, stack(0x00007efd4a600000,0x00007efd4a700000)]
  0x00007efd6431aa60 JavaThread "Active Thread: Equinox Container: 82afeefe-1c38-4b8f-b7c7-4c2409b409a8" [_thread_blocked, id=44, stack(0x00007efd49200000,0x00007efd49300000)]
  0x00007efd641d56d0 JavaThread "Framework Event Dispatcher: Equinox Container: 82afeefe-1c38-4b8f-b7c7-4c2409b409a8" daemon [_thread_blocked, id=45, stack(0x00007efd49000000,0x00007efd49100000)]
  0x00007efd641efc90 JavaThread "Start Level: Equinox Container: 82afeefe-1c38-4b8f-b7c7-4c2409b409a8" daemon [_thread_blocked, id=46, stack(0x00007efd48e00000,0x00007efd48f00000)]
  0x00007efd64460c10 JavaThread "Refresh Thread: Equinox Container: 82afeefe-1c38-4b8f-b7c7-4c2409b409a8" daemon [_thread_blocked, id=47, stack(0x00007efd48c00000,0x00007efd48d00000)]
  0x00007efcf8017210 JavaThread "SCR Component Actor" daemon [_thread_blocked, id=48, stack(0x00007efd48a00000,0x00007efd48b00000)]
  0x00007efcf82ea8d0 JavaThread "Worker-JM" [_thread_blocked, id=51, stack(0x00007efd48600000,0x00007efd48700000)]
  0x00007efcec0010d0 JavaThread "Worker-1: Java indexing... " [_thread_blocked, id=66, stack(0x00007efd48200000,0x00007efd48300000)]
  0x00007efcf84f47f0 JavaThread "Java indexing" daemon [_thread_blocked, id=69, stack(0x00007efd48000000,0x00007efd48100000)]
  0x00007efcf865eb00 JavaThread "Bundle File Closer" daemon [_thread_blocked, id=70, stack(0x00007efd11b00000,0x00007efd11c00000)]
  0x00007efce0001220 JavaThread "Worker-2: Compacting resource model" [_thread_blocked, id=71, stack(0x00007efd48800000,0x00007efd48900000)]
  0x00007efd644c1d60 JavaThread "pool-3-thread-1" [_thread_blocked, id=72, stack(0x00007efd11900000,0x00007efd11a00000)]
  0x00007efd64478300 JavaThread "pool-2-thread-1" [_thread_blocked, id=73, stack(0x00007efd11700000,0x00007efd11800000)]
  0x00007efcf40e0110 JavaThread "Worker-5: Publish Diagnostics" [_thread_blocked, id=90, stack(0x00007efd11100000,0x00007efd11200000)]
  0x00007efcd44134b0 JavaThread "Okio Watchdog" daemon [_thread_blocked, id=95, stack(0x00007efd10a00000,0x00007efd10b00000)]
  0x00007efcf4001560 JavaThread "Worker-6" [_thread_blocked, id=135, stack(0x00007efd11500000,0x00007efd11600000)]
  0x00007efccc01d4d0 JavaThread "Worker-7" [_thread_blocked, id=136, stack(0x00007efd49100000,0x00007efd49200000)]

Other Threads:
  0x00007efd640a1c10 VMThread "VM Thread" [stack: 0x00007efd68915000,0x00007efd68a15000] [id=28] _threads_hazard_ptr=0x00007efcb0000b70
  0x00007efd64121f50 WatcherThread [stack: 0x00007efd4a500000,0x00007efd4a600000] [id=41]
  0x00007efd6403df30 GCTaskThread "GC Thread#0" [stack: 0x00007efd6a3bf000,0x00007efd6a4bf000] [id=27]

Threads with active compile tasks:
JVMCI-native CompilerThread0  1603592 10474       4       java.lang.Integer::parseInt (264 bytes)

VM state: synchronizing (normal execution)

VM Mutex/Monitor currently owned by a thread:  ([mutex/lock_event])
[0x00007efd64023840] Threads_lock - owner thread: 0x00007efd640a1c10
[0x00007efd64023ff0] Heap_lock - owner thread: 0x00007efcf40e0110

OutOfMemory and StackOverflow Exception counts:
OutOfMemoryError java_heap_errors=3
LinkageErrors=71

Heap address: 0x00000000e0000000, size: 512 MB, Compressed Oops mode: 32-bit

CDS archive(s) mapped at: [0x0000000800000000-0x0000000800bc8000-0x0000000800bc8000), size 12353536, SharedBaseAddress: 0x0000000800000000, ArchiveRelocationMode: 0.
Compressed class space mapped at: 0x0000000800c00000-0x0000000840c00000, reserved size: 1073741824
Narrow klass base: 0x0000000800000000, Narrow klass shift: 0, Narrow klass range: 0x100000000

GC Precious Log:
 CPUs: 8 total, 1 available
 Memory: 1024M
 Large Page Support: Disabled
 NUMA Support: Disabled
 Compressed Oops: Enabled (32-bit)
 Alignments: Space 512K, Generation 512K, Heap 2M
 Heap Min Capacity: 100M
 Heap Initial Capacity: 100M
 Heap Max Capacity: 512M
 Pre-touch: Disabled
 Parallel Workers: 1

Heap:
 PSYoungGen      total 42496K, used 29184K [0x00000000f5580000, 0x00000000f9100000, 0x0000000100000000)
  eden space 29184K, 100% used [0x00000000f5580000,0x00000000f7200000,0x00000000f7200000)
  from space 13312K, 0% used [0x00000000f8400000,0x00000000f8400000,0x00000000f9100000)
  to   space 9216K, 0% used [0x00000000f7200000,0x00000000f7200000,0x00000000f7b00000)
 ParOldGen       total 349696K, used 349696K [0x00000000e0000000, 0x00000000f5580000, 0x00000000f5580000)
  object space 349696K, 100% used [0x00000000e0000000,0x00000000f5580000,0x00000000f5580000)
 Metaspace       used 62907K, committed 63936K, reserved 1114112K
  class space    used 6104K, committed 6592K, reserved 1048576K

Card table byte_map: [0x00007efd6a4bf000,0x00007efd6a5c0000] _byte_map_base: 0x00007efd69dbf000

Marking Bits: (ParMarkBitMap*) 0x00007efd6bc0f4c0
 Begin Bits: [0x00007efd69312000, 0x00007efd69b12000)
 End Bits:   [0x00007efd69b12000, 0x00007efd6a312000)

Polling page: 0x00007efd6a7d9000

Metaspace:

Usage:
  Non-class:     55.47 MB used.
      Class:      5.96 MB used.
       Both:     61.43 MB used.

Virtual space:
  Non-class space:       64.00 MB reserved,      56.00 MB ( 88%) committed,  8 nodes.
      Class space:        1.00 GB reserved,       6.44 MB ( <1%) committed,  1 nodes.
             Both:        1.06 GB reserved,      62.44 MB (  6%) committed. 

Chunk freelists:
   Non-Class:  3.89 MB
       Class:  1.66 MB
        Both:  5.55 MB

MaxMetaspaceSize: unlimited
CompressedClassSpaceSize: 1.00 GB
Initial GC threshold: 21.00 MB
Current GC threshold: 104.06 MB
CDS: on
MetaspaceReclaimPolicy: balanced
 - commit_granule_bytes: 65536.
 - commit_granule_words: 8192.
 - virtual_space_node_default_size: 1048576.
 - enlarge_chunks_in_place: 1.
 - new_chunks_are_fully_committed: 0.
 - uncommit_free_chunks: 1.
 - use_allocation_guard: 0.
 - handle_deallocations: 1.


Internal statistics:

num_allocs_failed_limit: 8.
num_arena_births: 548.
num_arena_deaths: 164.
num_vsnodes_births: 9.
num_vsnodes_deaths: 0.
num_space_committed: 998.
num_space_uncommitted: 0.
num_chunks_returned_to_freelist: 235.
num_chunks_taken_from_freelist: 3049.
num_chunk_merges: 87.
num_chunk_splits: 1969.
num_chunks_enlarged: 1228.
num_purges: 18.
num_inconsistent_stats: 0.

CodeHeap 'non-profiled nmethods': size=120036Kb used=2869Kb max_used=2869Kb free=117167Kb
 bounds [0x00007efd52f7a000, 0x00007efd5324a000, 0x00007efd5a4b3000]
CodeHeap 'profiled nmethods': size=120032Kb used=17648Kb max_used=17648Kb free=102383Kb
 bounds [0x00007efd4ba42000, 0x00007efd4cb82000, 0x00007efd52f7a000]
CodeHeap 'non-nmethods': size=5692Kb used=1419Kb max_used=1420Kb free=4273Kb
 bounds [0x00007efd4b4b3000, 0x00007efd4b723000, 0x00007efd4ba42000]
 total_blobs=8792 nmethods=8033 adapters=640
 compilation: enabled
              stopped_count=0, restarted_count=0
 full_count=0

JVMCI Events (20 events):
Event: 1306.780 Thread 0x00007efd640b2210 compacted oop handles in JVMCI runtime 0 from 87 to 87
Event: 1306.780 Thread 0x00007efd640b2210 releasing handles for JVMCI runtime 0: oop handles=87, metadata handles={total=128, live=125, blocks=45}
Event: 1306.780 Thread 0x00007efd640b2210 detached from JVMCI runtime 0
Event: 1433.103 Thread 0x00007efd640b2210 attached to JVMCI runtime 0
Event: 1433.105 Thread 0x00007efd640b2210 created JavaVM[9]@0x00007efd1049e340 for JVMCI runtime 0
Event: 1437.689 Thread 0x00007efd640b2210 initializing JVMCI runtime 0
Event: 1437.689 Thread 0x00007efd640b2210 done waiting for JavaVM references initialization in JVMCI runtime 0
Event: 1485.849 Thread 0x00007efd640b2210 initialized JVMCI runtime 0
Event: 1506.339 Thread 0x00007efd640b2210 compacted oop handles in JVMCI runtime 0 from 53 to 51
Event: 1508.576 Thread 0x00007efd640b2210 detaching from JVMCI runtime 0: releasing idle compiler thread (0 other threads still attached)
Event: 1508.576 Thread 0x00007efd640b2210 shutting down HotSpotJVMCIRuntime for JVMCI runtime 0
Event: 1508.576 Thread 0x00007efd640b2210 shut down JVMCI runtime 0
Event: 1508.578 Thread 0x00007efd640b2210 destroyed JavaVM[9]@0x00007efd1049e340 for JVMCI runtime 0
Event: 1508.578 Thread 0x00007efd640b2210 compacted oop handles in JVMCI runtime 0 from 51 to 51
Event: 1508.578 Thread 0x00007efd640b2210 releasing handles for JVMCI runtime 0: oop handles=51, metadata handles={total=96, live=93, blocks=45}
Event: 1508.578 Thread 0x00007efd640b2210 detached from JVMCI runtime 0
Event: 1533.022 Thread 0x00007efd640b2210 attached to JVMCI runtime 0
Event: 1533.024 Thread 0x00007efd640b2210 created JavaVM[10]@0x00007efd1049e340 for JVMCI runtime 0
Event: 1535.457 Thread 0x00007efd640b2210 initializing JVMCI runtime 0
Event: 1535.457 Thread 0x00007efd640b2210 done waiting for JavaVM references initialization in JVMCI runtime 0

Compilation events (20 events):
Event: 1297.271 Thread 0x00007efd640b2210 nmethod 10464 0x00007efd53245710 code [0x00007efd53245900, 0x00007efd53245d00]
Event: 1297.271 Thread 0x00007efd640b2210 10466       4       java.util.concurrent.locks.AbstractQueuedSynchronizer::acquireShared (20 bytes)
Event: 1302.930 Thread 0x00007efd640b2210 nmethod 10466 0x00007efd53246090 code [0x00007efd53246280, 0x00007efd532466e0]
Event: 1328.132 Thread 0x00007efd640b3720 10468       1       java.util.concurrent.ThreadPoolExecutor::getQueue (5 bytes)
Event: 1328.133 Thread 0x00007efd640b3720 nmethod 10468 0x00007efd53246a90 code [0x00007efd53246c20, 0x00007efd53246cf0]
Event: 1351.757 Thread 0x00007efd640b3720 10469       3       org.eclipse.jdt.internal.core.util.Messages::bind (17 bytes)
Event: 1353.556 Thread 0x00007efd640b3720 nmethod 10469 0x00007efd4cb7a610 code [0x00007efd4cb7a800, 0x00007efd4cb7b070]
Event: 1353.557 Thread 0x00007efd640b3720 10470       3       org.eclipse.jdt.internal.core.search.indexing.AddJrtToIndex::getJobFamily (22 bytes)
Event: 1353.558 Thread 0x00007efd640b3720 nmethod 10470 0x00007efd4cb7b290 code [0x00007efd4cb7b460, 0x00007efd4cb7b730]
Event: 1353.558 Thread 0x00007efd640b3720 10471       3       org.eclipse.core.runtime.jobs.Job::setName (6 bytes)
Event: 1357.235 Thread 0x00007efd640b3720 nmethod 10471 0x00007efd4cb7b890 code [0x00007efd4cb7ba40, 0x00007efd4cb7bc60]
Event: 1377.958 Thread 0x00007efd640b3720 10472       3       java.util.concurrent.locks.AbstractQueuedSynchronizer$ConditionObject::canReacquire (28 bytes)
Event: 1377.959 Thread 0x00007efd640b3720 nmethod 10472 0x00007efd4cb7bd90 code [0x00007efd4cb7bf40, 0x00007efd4cb7c290]
Event: 1433.103 Thread 0x00007efd640b2210 10473       4       org.eclipse.jdt.internal.core.JavaElementRequestor::acceptPackageFragment (28 bytes)
Event: 1506.339 Thread 0x00007efd640b2210 nmethod 10473 0x00007efd53246d90 code [0x00007efd53246f20, 0x00007efd53247210]
Event: 1533.022 Thread 0x00007efd640b2210 10474       4       java.lang.Integer::parseInt (264 bytes)
Event: 1551.369 Thread 0x00007efd640b3720 10476       3       org.eclipse.jdt.internal.compiler.lookup.LookupEnvironment::createBinaryTypeFrom (9 bytes)
Event: 1553.396 Thread 0x00007efd640b3720 nmethod 10476 0x00007efd4cb7c410 code [0x00007efd4cb7c5c0, 0x00007efd4cb7c700]
Event: 1553.398 Thread 0x00007efd640b3720 10479       3       org.eclipse.jdt.internal.compiler.lookup.BinaryTypeBinding::<init> (344 bytes)
Event: 1553.400 Thread 0x00007efd640b3720 nmethod 10479 0x00007efd4cb7c810 code [0x00007efd4cb7cb00, 0x00007efd4cb7e380]

GC Heap History (20 events):
Event: 1580.001 GC heap before
{Heap before GC invocations=844 (full 727):
 PSYoungGen      total 42496K, used 29183K [0x00000000f5580000, 0x00000000f9100000, 0x0000000100000000)
  eden space 29184K, 99% used [0x00000000f5580000,0x00000000f71ffff8,0x00000000f7200000)
  from space 13312K, 0% used [0x00000000f8400000,0x00000000f8400000,0x00000000f9100000)
  to   space 9216K, 0% used [0x00000000f7200000,0x00000000f7200000,0x00000000f7b00000)
 ParOldGen       total 349696K, used 349695K [0x00000000e0000000, 0x00000000f5580000, 0x00000000f5580000)
  object space 349696K, 99% used [0x00000000e0000000,0x00000000f557fc70,0x00000000f5580000)
 Metaspace       used 62907K, committed 63936K, reserved 1114112K
  class space    used 6104K, committed 6592K, reserved 1048576K
}
Event: 1582.192 GC heap after
{Heap after GC invocations=844 (full 727):
 PSYoungGen      total 38400K, used 29183K [0x00000000f5580000, 0x00000000f9100000, 0x0000000100000000)
  eden space 29184K, 99% used [0x00000000f5580000,0x00000000f71ffff8,0x00000000f7200000)
  from space 9216K, 0% used [0x00000000f7200000,0x00000000f7200000,0x00000000f7b00000)
  to   space 13312K, 0% used [0x00000000f8400000,0x00000000f8400000,0x00000000f9100000)
 ParOldGen       total 349696K, used 349695K [0x00000000e0000000, 0x00000000f5580000, 0x00000000f5580000)
  object space 349696K, 99% used [0x00000000e0000000,0x00000000f557fc70,0x00000000f5580000)
 Metaspace       used 62907K, committed 63936K, reserved 1114112K
  class space    used 6104K, committed 6592K, reserved 1048576K
}
Event: 1582.192 GC heap before
{Heap before GC invocations=845 (full 728):
 PSYoungGen      total 38400K, used 29183K [0x00000000f5580000, 0x00000000f9100000, 0x0000000100000000)
  eden space 29184K, 99% used [0x00000000f5580000,0x00000000f71ffff8,0x00000000f7200000)
  from space 9216K, 0% used [0x00000000f7200000,0x00000000f7200000,0x00000000f7b00000)
  to   space 13312K, 0% used [0x00000000f8400000,0x00000000f8400000,0x00000000f9100000)
 ParOldGen       total 349696K, used 349695K [0x00000000e0000000, 0x00000000f5580000, 0x00000000f5580000)
  object space 349696K, 99% used [0x00000000e0000000,0x00000000f557fff8,0x00000000f5580000)
 Metaspace       used 62907K, committed 63936K, reserved 1114112K
  class space    used 6104K, committed 6592K, reserved 1048576K
}
Event: 1586.114 GC heap after
{Heap after GC invocations=845 (full 728):
 PSYoungGen      total 42496K, used 29183K [0x00000000f5580000, 0x00000000f9100000, 0x0000000100000000)
  eden space 29184K, 99% used [0x00000000f5580000,0x00000000f71fff58,0x00000000f7200000)
  from space 13312K, 0% used [0x00000000f8400000,0x00000000f8400000,0x00000000f9100000)
  to   space 9216K, 0% used [0x00000000f7200000,0x00000000f7200000,0x00000000f7b00000)
 ParOldGen       total 349696K, used 349695K [0x00000000e0000000, 0x00000000f5580000, 0x00000000f5580000)
  object space 349696K, 99% used [0x00000000e0000000,0x00000000f557ffd8,0x00000000f5580000)
 Metaspace       used 62907K, committed 63936K, reserved 1114112K
  class space    used 6104K, committed 6592K, reserved 1048576K
}
Event: 1586.118 GC heap before
{Heap before GC invocations=846 (full 729):
 PSYoungGen      total 42496K, used 29183K [0x00000000f5580000, 0x00000000f9100000, 0x0000000100000000)
  eden space 29184K, 99% used [0x00000000f5580000,0x00000000f71ffff0,0x00000000f7200000)
  from space 13312K, 0% used [0x00000000f8400000,0x00000000f8400000,0x00000000f9100000)
  to   space 9216K, 0% used [0x00000000f7200000,0x00000000f7200000,0x00000000f7b00000)
 ParOldGen       total 349696K, used 349695K [0x00000000e0000000, 0x00000000f5580000, 0x00000000f5580000)
  object space 349696K, 99% used [0x00000000e0000000,0x00000000f557ffd8,0x00000000f5580000)
 Metaspace       used 62907K, committed 63936K, reserved 1114112K
  class space    used 6104K, committed 6592K, reserved 1048576K
}
Event: 1588.763 GC heap after
{Heap after GC invocations=846 (full 729):
 PSYoungGen      total 38400K, used 29183K [0x00000000f5580000, 0x00000000f9100000, 0x0000000100000000)
  eden space 29184K, 99% used [0x00000000f5580000,0x00000000f71fffc0,0x00000000f7200000)
  from space 9216K, 0% used [0x00000000f7200000,0x00000000f7200000,0x00000000f7b00000)
  to   space 13312K, 0% used [0x00000000f8400000,0x00000000f8400000,0x00000000f9100000)
 ParOldGen       total 349696K, used 349695K [0x00000000e0000000, 0x00000000f5580000, 0x00000000f5580000)
  object space 349696K, 99% used [0x00000000e0000000,0x00000000f557ffb8,0x00000000f5580000)
 Metaspace       used 62907K, committed 63936K, reserved 1114112K
  class space    used 6104K, committed 6592K, reserved 1048576K
}
Event: 1588.767 GC heap before
{Heap before GC invocations=847 (full 730):
 PSYoungGen      total 38400K, used 29183K [0x00000000f5580000, 0x00000000f9100000, 0x0000000100000000)
  eden space 29184K, 99% used [0x00000000f5580000,0x00000000f71ffff8,0x00000000f7200000)
  from space 9216K, 0% used [0x00000000f7200000,0x00000000f7200000,0x00000000f7b00000)
  to   space 13312K, 0% used [0x00000000f8400000,0x00000000f8400000,0x00000000f9100000)
 ParOldGen       total 349696K, used 349695K [0x00000000e0000000, 0x00000000f5580000, 0x00000000f5580000)
  object space 349696K, 99% used [0x00000000e0000000,0x00000000f557ffb8,0x00000000f5580000)
 Metaspace       used 62907K, committed 63936K, reserved 1114112K
  class space    used 6104K, committed 6592K, reserved 1048576K
}
Event: 1591.193 GC heap after
{Heap after GC invocations=847 (full 730):
 PSYoungGen      total 42496K, used 29183K [0x00000000f5580000, 0x00000000f9100000, 0x0000000100000000)
  eden space 29184K, 99% used [0x00000000f5580000,0x00000000f71fffd8,0x00000000f7200000)
  from space 13312K, 0% used [0x00000000f8400000,0x00000000f8400000,0x00000000f9100000)
  to   space 9216K, 0% used [0x00000000f7200000,0x00000000f7200000,0x00000000f7b00000)
 ParOldGen       total 349696K, used 349695K [0x00000000e0000000, 0x00000000f5580000, 0x00000000f5580000)
  object space 349696K, 99% used [0x00000000e0000000,0x00000000f557ffb8,0x00000000f5580000)
 Metaspace       used 62907K, committed 63936K, reserved 1114112K
  class space    used 6104K, committed 6592K, reserved 1048576K
}
Event: 1591.193 GC heap before
{Heap before GC invocations=848 (full 731):
 PSYoungGen      total 42496K, used 29183K [0x00000000f5580000, 0x00000000f9100000, 0x0000000100000000)
  eden space 29184K, 99% used [0x00000000f5580000,0x00000000f71ffff0,0x00000000f7200000)
  from space 13312K, 0% used [0x00000000f8400000,0x00000000f8400000,0x00000000f9100000)
  to   space 9216K, 0% used [0x00000000f7200000,0x00000000f7200000,0x00000000f7b00000)
 ParOldGen       total 349696K, used 349695K [0x00000000e0000000, 0x00000000f5580000, 0x00000000f5580000)
  object space 349696K, 99% used [0x00000000e0000000,0x00000000f557ffe8,0x00000000f5580000)
 Metaspace       used 62907K, committed 63936K, reserved 1114112K
  class space    used 6104K, committed 6592K, reserved 1048576K
}
Event: 1593.251 GC heap after
{Heap after GC invocations=848 (full 731):
 PSYoungGen      total 38400K, used 29183K [0x00000000f5580000, 0x00000000f9100000, 0x0000000100000000)
  eden space 29184K, 99% used [0x00000000f5580000,0x00000000f71fffd8,0x00000000f7200000)
  from space 9216K, 0% used [0x00000000f7200000,0x00000000f7200000,0x00000000f7b00000)
  to   space 13312K, 0% used [0x00000000f8400000,0x00000000f8400000,0x00000000f9100000)
 ParOldGen       total 349696K, used 349695K [0x00000000e0000000, 0x00000000f5580000, 0x00000000f5580000)
  object space 349696K, 99% used [0x00000000e0000000,0x00000000f557ffe8,0x00000000f5580000)
 Metaspace       used 62907K, committed 63936K, reserved 1114112K
  class space    used 6104K, committed 6592K, reserved 1048576K
}
Event: 1593.251 GC heap before
{Heap before GC invocations=849 (full 732):
 PSYoungGen      total 38400K, used 29183K [0x00000000f5580000, 0x00000000f9100000, 0x0000000100000000)
  eden space 29184K, 99% used [0x00000000f5580000,0x00000000f71fffd8,0x00000000f7200000)
  from space 9216K, 0% used [0x00000000f7200000,0x00000000f7200000,0x00000000f7b00000)
  to   space 13312K, 0% used [0x00000000f8400000,0x00000000f8400000,0x00000000f9100000)
 ParOldGen       total 349696K, used 349695K [0x00000000e0000000, 0x00000000f5580000, 0x00000000f5580000)
  object space 349696K, 99% used [0x00000000e0000000,0x00000000f557ffe8,0x00000000f5580000)
 Metaspace       used 62907K, committed 63936K, reserved 1114112K
  class space    used 6104K, committed 6592K, reserved 1048576K
}
Event: 1595.451 GC heap after
{Heap after GC invocations=849 (full 732):
 PSYoungGen      total 42496K, used 29183K [0x00000000f5580000, 0x00000000f9100000, 0x0000000100000000)
  eden space 29184K, 99% used [0x00000000f5580000,0x00000000f71fffd8,0x00000000f7200000)
  from space 13312K, 0% used [0x00000000f8400000,0x00000000f8400000,0x00000000f9100000)
  to   space 9216K, 0% used [0x00000000f7200000,0x00000000f7200000,0x00000000f7b00000)
 ParOldGen       total 349696K, used 349695K [0x00000000e0000000, 0x00000000f5580000, 0x00000000f5580000)
  object space 349696K, 99% used [0x00000000e0000000,0x00000000f557ffe8,0x00000000f5580000)
 Metaspace       used 62907K, committed 63936K, reserved 1114112K
  class space    used 6104K, committed 6592K, reserved 1048576K
}
Event: 1595.454 GC heap before
{Heap before GC invocations=850 (full 733):
 PSYoungGen      total 42496K, used 29183K [0x00000000f5580000, 0x00000000f9100000, 0x0000000100000000)
  eden space 29184K, 99% used [0x00000000f5580000,0x00000000f71ffff8,0x00000000f7200000)
  from space 13312K, 0% used [0x00000000f8400000,0x00000000f8400000,0x00000000f9100000)
  to   space 9216K, 0% used [0x00000000f7200000,0x00000000f7200000,0x00000000f7b00000)
 ParOldGen       total 349696K, used 349695K [0x00000000e0000000, 0x00000000f5580000, 0x00000000f5580000)
  object space 349696K, 99% used [0x00000000e0000000,0x00000000f557ffe8,0x00000000f5580000)
 Metaspace       used 62907K, committed 63936K, reserved 1114112K
  class space    used 6104K, committed 6592K, reserved 1048576K
}
Event: 1597.549 GC heap after
{Heap after GC invocations=850 (full 733):
 PSYoungGen      total 38400K, used 29183K [0x00000000f5580000, 0x00000000f9100000, 0x0000000100000000)
  eden space 29184K, 99% used [0x00000000f5580000,0x00000000f71ffff8,0x00000000f7200000)
  from space 9216K, 0% used [0x00000000f7200000,0x00000000f7200000,0x00000000f7b00000)
  to   space 13312K, 0% used [0x00000000f8400000,0x00000000f8400000,0x00000000f9100000)
 ParOldGen       total 349696K, used 349695K [0x00000000e0000000, 0x00000000f5580000, 0x00000000f5580000)
  object space 349696K, 99% used [0x00000000e0000000,0x00000000f557fcf8,0x00000000f5580000)
 Metaspace       used 62907K, committed 63936K, reserved 1114112K
  class space    used 6104K, committed 6592K, reserved 1048576K
}
Event: 1597.552 GC heap before
{Heap before GC invocations=851 (full 734):
 PSYoungGen      total 38400K, used 29183K [0x00000000f5580000, 0x00000000f9100000, 0x0000000100000000)
  eden space 29184K, 99% used [0x00000000f5580000,0x00000000f71ffff8,0x00000000f7200000)
  from space 9216K, 0% used [0x00000000f7200000,0x00000000f7200000,0x00000000f7b00000)
  to   space 13312K, 0% used [0x00000000f8400000,0x00000000f8400000,0x00000000f9100000)
 ParOldGen       total 349696K, used 349696K [0x00000000e0000000, 0x00000000f5580000, 0x00000000f5580000)
  object space 349696K, 100% used [0x00000000e0000000,0x00000000f5580000,0x00000000f5580000)
 Metaspace       used 62907K, committed 63936K, reserved 1114112K
  class space    used 6104K, committed 6592K, reserved 1048576K
}
Event: 1599.589 GC heap after
{Heap after GC invocations=851 (full 734):
 PSYoungGen      total 42496K, used 29183K [0x00000000f5580000, 0x00000000f9100000, 0x0000000100000000)
  eden space 29184K, 99% used [0x00000000f5580000,0x00000000f71fff98,0x00000000f7200000)
  from space 13312K, 0% used [0x00000000f8400000,0x00000000f8400000,0x00000000f9100000)
  to   space 9216K, 0% used [0x00000000f7200000,0x00000000f7200000,0x00000000f7b00000)
 ParOldGen       total 349696K, used 349696K [0x00000000e0000000, 0x00000000f5580000, 0x00000000f5580000)
  object space 349696K, 100% used [0x00000000e0000000,0x00000000f5580000,0x00000000f5580000)
 Metaspace       used 62907K, committed 63936K, reserved 1114112K
  class space    used 6104K, committed 6592K, reserved 1048576K
}
Event: 1599.589 GC heap before
{Heap before GC invocations=852 (full 735):
 PSYoungGen      total 42496K, used 29184K [0x00000000f5580000, 0x00000000f9100000, 0x0000000100000000)
  eden space 29184K, 100% used [0x00000000f5580000,0x00000000f7200000,0x00000000f7200000)
  from space 13312K, 0% used [0x00000000f8400000,0x00000000f8400000,0x00000000f9100000)
  to   space 9216K, 0% used [0x00000000f7200000,0x00000000f7200000,0x00000000f7b00000)
 ParOldGen       total 349696K, used 349696K [0x00000000e0000000, 0x00000000f5580000, 0x00000000f5580000)
  object space 349696K, 100% used [0x00000000e0000000,0x00000000f5580000,0x00000000f5580000)
 Metaspace       used 62907K, committed 63936K, reserved 1114112K
  class space    used 6104K, committed 6592K, reserved 1048576K
}
Event: 1601.462 GC heap after
{Heap after GC invocations=852 (full 735):
 PSYoungGen      total 38400K, used 29183K [0x00000000f5580000, 0x00000000f9100000, 0x0000000100000000)
  eden space 29184K, 99% used [0x00000000f5580000,0x00000000f71fffe0,0x00000000f7200000)
  from space 9216K, 0% used [0x00000000f7200000,0x00000000f7200000,0x00000000f7b00000)
  to   space 13312K, 0% used [0x00000000f8400000,0x00000000f8400000,0x00000000f9100000)
 ParOldGen       total 349696K, used 349696K [0x00000000e0000000, 0x00000000f5580000, 0x00000000f5580000)
  object space 349696K, 100% used [0x00000000e0000000,0x00000000f5580000,0x00000000f5580000)
 Metaspace       used 62907K, committed 63936K, reserved 1114112K
  class space    used 6104K, committed 6592K, reserved 1048576K
}
Event: 1601.462 GC heap before
{Heap before GC invocations=853 (full 736):
 PSYoungGen      total 38400K, used 29183K [0x00000000f5580000, 0x00000000f9100000, 0x0000000100000000)
  eden space 29184K, 99% used [0x00000000f5580000,0x00000000f71fffe0,0x00000000f7200000)
  from space 9216K, 0% used [0x00000000f7200000,0x00000000f7200000,0x00000000f7b00000)
  to   space 13312K, 0% used [0x00000000f8400000,0x00000000f8400000,0x00000000f9100000)
 ParOldGen       total 349696K, used 349696K [0x00000000e0000000, 0x00000000f5580000, 0x00000000f5580000)
  object space 349696K, 100% used [0x00000000e0000000,0x00000000f5580000,0x00000000f5580000)
 Metaspace       used 62907K, committed 63936K, reserved 1114112K
  class space    used 6104K, committed 6592K, reserved 1048576K
}
Event: 1603.519 GC heap after
{Heap after GC invocations=853 (full 736):
 PSYoungGen      total 42496K, used 29183K [0x00000000f5580000, 0x00000000f9100000, 0x0000000100000000)
  eden space 29184K, 99% used [0x00000000f5580000,0x00000000f71fffe0,0x00000000f7200000)
  from space 13312K, 0% used [0x00000000f8400000,0x00000000f8400000,0x00000000f9100000)
  to   space 9216K, 0% used [0x00000000f7200000,0x00000000f7200000,0x00000000f7b00000)
 ParOldGen       total 349696K, used 349696K [0x00000000e0000000, 0x00000000f5580000, 0x00000000f5580000)
  object space 349696K, 100% used [0x00000000e0000000,0x00000000f5580000,0x00000000f5580000)
 Metaspace       used 62907K, committed 63936K, reserved 1114112K
  class space    used 6104K, committed 6592K, reserved 1048576K
}

Dll operation events (9 events):
Event: 0.004 Loaded shared library /nix/store/gpxl5qgg8kicmcvivwmybwjlpf7wh20l-graalvm17-ce-22.3.0/lib/libjava.so
Event: 0.025 Loaded shared library /nix/store/gpxl5qgg8kicmcvivwmybwjlpf7wh20l-graalvm17-ce-22.3.0/lib/libjsvml.so
Event: 0.366 Loaded shared library /nix/store/gpxl5qgg8kicmcvivwmybwjlpf7wh20l-graalvm17-ce-22.3.0/lib/libnio.so
Event: 0.377 Loaded shared library /nix/store/gpxl5qgg8kicmcvivwmybwjlpf7wh20l-graalvm17-ce-22.3.0/lib/libzip.so
Event: 0.380 Loaded shared library /nix/store/gpxl5qgg8kicmcvivwmybwjlpf7wh20l-graalvm17-ce-22.3.0/lib/libjvmcicompiler.so
Event: 1.071 Loaded shared library /nix/store/gpxl5qgg8kicmcvivwmybwjlpf7wh20l-graalvm17-ce-22.3.0/lib/libjimage.so
Event: 1.871 Loaded shared library /nix/store/gpxl5qgg8kicmcvivwmybwjlpf7wh20l-graalvm17-ce-22.3.0/lib/libnet.so
Event: 6.748 Loaded shared library /home/runner/.cache/jdt-language-server/config/org.eclipse.equinox.launcher/org.eclipse.equinox.launcher.gtk.linux.x86_64_1.2.400.v20211117-0650/eclipse_11600.so
Event: 23.625 Loaded shared library /nix/store/gpxl5qgg8kicmcvivwmybwjlpf7wh20l-graalvm17-ce-22.3.0/lib/libextnet.so

Deoptimization events (20 events):
Event: 233.855 Thread 0x00007efcf40e0110 DEOPT PACKING pc=0x00007efd4c9a9627 sp=0x00007efd111fdd10
Event: 233.855 Thread 0x00007efcf40e0110 DEOPT UNPACKING pc=0x00007efd4b505325 sp=0x00007efd111fd1d0 mode 0
Event: 837.432 Thread 0x00007efd640b2210 DEOPT PACKING pc=0x00007efd4c57623a sp=0x00007efd4abfdef0
Event: 837.432 Thread 0x00007efd640b2210 DEOPT UNPACKING pc=0x00007efd4b505325 sp=0x00007efd4abfd458 mode 0
Event: 1042.757 Thread 0x00007efd640b2210 Uncommon trap: trap_request=0xffffffcd fr.pc=0x00007efd53241afd relative=0x0000000000000c5d
Event: 1042.757 Thread 0x00007efd640b2210 Uncommon trap: reason=intrinsic_or_type_checked_inlining action=reinterpret pc=0x00007efd53241afd method=java.io.DataOutputStream.write([BII)V @ 0 jvmci
Event: 1042.757 Thread 0x00007efd640b2210 DEOPT PACKING pc=0x00007efd53241afd sp=0x00007efd4abfdfb0
Event: 1042.757 Thread 0x00007efd640b2210 DEOPT UNPACKING pc=0x00007efd4b505325 sp=0x00007efd4abfd3d0 mode 3
Event: 1042.758 Thread 0x00007efd640b2210 Uncommon trap: trap_request=0xffffffcd fr.pc=0x00007efd5323d27d relative=0x000000000000095d
Event: 1042.758 Thread 0x00007efd640b2210 Uncommon trap: reason=intrinsic_or_type_checked_inlining action=reinterpret pc=0x00007efd5323d27d method=java.io.DataOutputStream.write([BII)V @ 0 jvmci
Event: 1042.758 Thread 0x00007efd640b2210 DEOPT PACKING pc=0x00007efd5323d27d sp=0x00007efd4abfdfb0
Event: 1042.758 Thread 0x00007efd640b2210 DEOPT UNPACKING pc=0x00007efd4b505325 sp=0x00007efd4abfd3d0 mode 3
Event: 1357.235 Thread 0x00007efcf40e0110 Uncommon trap: trap_request=0xffffffcd fr.pc=0x00007efd53219d7b relative=0x00000000000006bb
Event: 1357.235 Thread 0x00007efcf40e0110 Uncommon trap: reason=intrinsic_or_type_checked_inlining action=reinterpret pc=0x00007efd53219d7b method=java.util.TimSort.binarySort([Ljava/lang/Object;IIILjava/util/Comparator;)V @ 32 jvmci
Event: 1357.235 Thread 0x00007efcf40e0110 DEOPT PACKING pc=0x00007efd53219d7b sp=0x00007efd111fd680
Event: 1357.235 Thread 0x00007efcf40e0110 DEOPT UNPACKING pc=0x00007efd4b505325 sp=0x00007efd111fcb40 mode 3
Event: 1595.452 Thread 0x00007efcf84f47f0 Uncommon trap: trap_request=0xffffff8f fr.pc=0x00007efd531f3b14 relative=0x0000000000000274
Event: 1595.452 Thread 0x00007efcf84f47f0 Uncommon trap: reason=constraint action=none pc=0x00007efd531f3b14 method=org.eclipse.jdt.internal.core.index.DiskIndex$IntList.add(I)V @ 0 jvmci
Event: 1595.452 Thread 0x00007efcf84f47f0 DEOPT PACKING pc=0x00007efd531f3b14 sp=0x00007efd480fe500
Event: 1595.452 Thread 0x00007efcf84f47f0 DEOPT UNPACKING pc=0x00007efd4b505325 sp=0x00007efd480fd9a0 mode 3

Classes unloaded (20 events):
Event: 198.981 Thread 0x00007efd640a1c10 Unloading class 0x0000000801125800 'jdk/internal/reflect/GeneratedSerializationConstructorAccessor5'
Event: 198.981 Thread 0x00007efd640a1c10 Unloading class 0x0000000801125400 'jdk/internal/reflect/GeneratedSerializationConstructorAccessor4'
Event: 198.981 Thread 0x00007efd640a1c10 Unloading class 0x00000008010d4000 'jdk/internal/reflect/GeneratedSerializationConstructorAccessor3'
Event: 198.981 Thread 0x00007efd640a1c10 Unloading class 0x000000080109a400 'jdk/internal/reflect/GeneratedSerializationConstructorAccessor2'
Event: 198.981 Thread 0x00007efd640a1c10 Unloading class 0x000000080109a000 'jdk/internal/reflect/GeneratedSerializationConstructorAccessor1'
Event: 211.369 Thread 0x00007efd640a1c10 Unloading class 0x00000008010f8c00 'jdk/internal/reflect/GeneratedMethodAccessor10'
Event: 211.369 Thread 0x00007efd640a1c10 Unloading class 0x00000008010f8800 'jdk/internal/reflect/GeneratedMethodAccessor9'
Event: 211.369 Thread 0x00007efd640a1c10 Unloading class 0x00000008010f8400 'jdk/internal/reflect/GeneratedMethodAccessor8'
Event: 211.369 Thread 0x00007efd640a1c10 Unloading class 0x00000008010f8000 'jdk/internal/reflect/GeneratedMethodAccessor7'
Event: 218.871 Thread 0x00007efd640a1c10 Unloading class 0x000000080123c000 'jdk/internal/reflect/GeneratedConstructorAccessor44'
Event: 218.871 Thread 0x00007efd640a1c10 Unloading class 0x0000000801135000 'jdk/internal/reflect/GeneratedMethodAccessor12'
Event: 218.871 Thread 0x00007efd640a1c10 Unloading class 0x0000000801134c00 'jdk/internal/reflect/GeneratedMethodAccessor11'
Event: 218.871 Thread 0x00007efd640a1c10 Unloading class 0x0000000801133000 'jdk/internal/reflect/GeneratedConstructorAccessor37'
Event: 364.904 Thread 0x00007efd640a1c10 Unloading class 0x0000000801125400 'java/lang/invoke/LambdaForm$MH+0x0000000801125400'
Event: 364.904 Thread 0x00007efd640a1c10 Unloading class 0x0000000801128000 'java/lang/invoke/LambdaForm$MH+0x0000000801128000'
Event: 364.904 Thread 0x00007efd640a1c10 Unloading class 0x0000000801136000 'java/lang/invoke/LambdaForm$MH+0x0000000801136000'
Event: 364.904 Thread 0x00007efd640a1c10 Unloading class 0x0000000801136c00 'java/lang/invoke/LambdaForm$MH+0x0000000801136c00'
Event: 364.904 Thread 0x00007efd640a1c10 Unloading class 0x000000080113d000 'java/lang/invoke/LambdaForm$MH+0x000000080113d000'
Event: 364.904 Thread 0x00007efd640a1c10 Unloading class 0x000000080123c000 'java/lang/invoke/LambdaForm$MH+0x000000080123c000'
Event: 417.464 Thread 0x00007efd640a1c10 Unloading class 0x00000008010d4000 'jdk/internal/reflect/GeneratedConstructorAccessor49'

Classes redefined (0 events):
No events

Internal exceptions (20 events):
Event: 64.724 Thread 0x00007efcf4001560 Exception <a 'java/lang/NoSuchMethodError'{0x00000000f671e6b0}: 'java.lang.Object java.lang.invoke.DirectMethodHandle$Holder.newInvokeSpecial(java.lang.Object, java.lang.Object, java.lang.Object, int, java.lang.Object)'> (0x00000000f671e6b0) 
thrown [src/hotspot/share/interpreter/linkResolver.cpp, line 758]
Event: 64.725 Thread 0x00007efcf4001560 Exception <a 'java/lang/NoSuchMethodError'{0x00000000f6722860}: 'java.lang.Object java.lang.invoke.DirectMethodHandle$Holder.invokeSpecial(java.lang.Object, java.lang.Object, java.lang.Object, java.lang.Object, int, java.lang.Object)'> (0x00000000f6722860) 
thrown [src/hotspot/share/interpreter/linkResolver.cpp, line 758]
Event: 64.731 Thread 0x00007efcf4001560 Exception <a 'java/lang/NoSuchMethodError'{0x00000000f6726348}: 'java.lang.Object java.lang.invoke.Invokers$Holder.linkToTargetMethod(java.lang.Object, java.lang.Object, int, java.lang.Object, java.lang.Object)'> (0x00000000f6726348) 
thrown [src/hotspot/share/interpreter/linkResolver.cpp, line 758]
Event: 72.220 Thread 0x00007efcd0181fc0 Exception <a 'java/lang/NoSuchMethodError'{0x00000000f585b2f0}: 'java.lang.Object java.lang.invoke.DirectMethodHandle$Holder.newInvokeSpecial(java.lang.Object, java.lang.Object, int, java.lang.Object, java.lang.Object, java.lang.Object, java.lang.Object)'> (0x00000000f585b2f0) 
thrown [src/hotspot/share/interpreter/linkResolver.cpp, line 758]
Event: 72.329 Thread 0x00007efcd0181400 Exception <a 'java/lang/NoSuchMethodError'{0x00000000f590d268}: 'java.lang.Object java.lang.invoke.DirectMethodHandle$Holder.invokeStatic(java.lang.Object, int, java.lang.Object, java.lang.Object, java.lang.Object, java.lang.Object)'> (0x00000000f590d268) 
thrown [src/hotspot/share/interpreter/linkResolver.cpp, line 758]
Event: 72.330 Thread 0x00007efcd0181400 Exception <a 'java/lang/NoSuchMethodError'{0x00000000f5c56368}: 'java.lang.Object java.lang.invoke.DirectMethodHandle$Holder.newInvokeSpecial(java.lang.Object, int, java.lang.Object, java.lang.Object, java.lang.Object)'> (0x00000000f5c56368) 
thrown [src/hotspot/share/interpreter/linkResolver.cpp, line 758]
Event: 72.338 Thread 0x00007efcd0181fc0 Exception <a 'java/lang/NoSuchMethodError'{0x00000000f5df0e08}: 'void java.lang.invoke.DirectMethodHandle$Holder.invokeSpecial(java.lang.Object, java.lang.Object, int)'> (0x00000000f5df0e08) 
thrown [src/hotspot/share/interpreter/linkResolver.cpp, line 758]
Event: 73.644 Thread 0x00007efcd0181fc0 Exception <a 'java/lang/NoSuchMethodError'{0x00000000f67084c0}: 'int java.lang.invoke.DirectMethodHandle$Holder.invokeSpecialIFC(java.lang.Object, java.lang.Object, java.lang.Object, java.lang.Object)'> (0x00000000f67084c0) 
thrown [src/hotspot/share/interpreter/linkResolver.cpp, line 758]
Event: 80.864 Thread 0x00007efcd0038940 Exception <a 'java/lang/ArrayIndexOutOfBoundsException'{0x00000000f55b7bd0}: Index 796 out of bounds for length 796> (0x00000000f55b7bd0) 
thrown [src/hotspot/share/interpreter/interpreterRuntime.cpp, line 428]
Event: 80.865 Thread 0x00007efcd0038940 Exception <a 'java/lang/ArrayIndexOutOfBoundsException'{0x00000000f55b8040}: Index 796 out of bounds for length 796> (0x00000000f55b8040) 
thrown [src/hotspot/share/interpreter/interpreterRuntime.cpp, line 428]
Event: 80.865 Thread 0x00007efcd0038940 Exception <a 'java/lang/ArrayIndexOutOfBoundsException'{0x00000000f55b83a8}: Index 797 out of bounds for length 796> (0x00000000f55b83a8) 
thrown [src/hotspot/share/interpreter/interpreterRuntime.cpp, line 428]
Event: 84.029 Thread 0x00007efcd0160140 Exception <a 'java/lang/ArrayIndexOutOfBoundsException'{0x00000000f5a6c7a8}: Index 803 out of bounds for length 803> (0x00000000f5a6c7a8) 
thrown [src/hotspot/share/interpreter/interpreterRuntime.cpp, line 428]
Event: 84.029 Thread 0x00007efcd0160140 Exception <a 'java/lang/ArrayIndexOutOfBoundsException'{0x00000000f5a6cb10}: Index 803 out of bounds for length 803> (0x00000000f5a6cb10) 
thrown [src/hotspot/share/interpreter/interpreterRuntime.cpp, line 428]
Event: 84.029 Thread 0x00007efcd0160140 Exception <a 'java/lang/ArrayIndexOutOfBoundsException'{0x00000000f5a6ce78}: Index 804 out of bounds for length 803> (0x00000000f5a6ce78) 
thrown [src/hotspot/share/interpreter/interpreterRuntime.cpp, line 428]
Event: 90.532 Thread 0x00007efce0001220 Implicit null exception at 0x00007efd531f54d7 to 0x00007efd531f5950
Event: 219.878 Thread 0x00007efcd0162370 Exception <a 'java/lang/OutOfMemoryError'{0x00000000e00105e0}> (0x00000000e00105e0) 
thrown [src/hotspot/share/gc/shared/memAllocator.cpp, line 136]
Event: 220.236 Thread 0x00007efcd0162370 Exception <a 'java/lang/ClassNotFoundException'{0x00000000f71c26a8}: sun/util/logging/resources/spi/loggingProvider> (0x00000000f71c26a8) 
thrown [src/hotspot/share/classfile/systemDictionary.cpp, line 256]
Event: 1595.452 Thread 0x00007efcf84f47f0 Exception <a 'java/lang/OutOfMemoryError'{0x00000000e00108b0}> (0x00000000e00108b0) 
thrown [src/hotspot/share/gc/shared/memAllocator.cpp, line 138]
Event: 1595.452 Thread 0x00007efcf84f47f0 Implicit null exception at 0x00007efd531f3a6d to 0x00007efd531f3af9
Event: 1603.520 Thread 0x00007efd640b2210 Exception <a 'java/lang/OutOfMemoryError'{0x00000000e0010900}> (0x00000000e0010900) 
thrown [src/hotspot/share/gc/shared/memAllocator.cpp, line 136]

VM Operations (20 events):
Event: 1576.037 Executing VM operation: ParallelGCFailedAllocation
Event: 1577.884 Executing VM operation: ParallelGCFailedAllocation done
Event: 1577.918 Executing VM operation: ParallelGCFailedAllocation
Event: 1580.001 Executing VM operation: ParallelGCFailedAllocation done
Event: 1580.001 Executing VM operation: ParallelGCFailedAllocation
Event: 1582.192 Executing VM operation: ParallelGCFailedAllocation done
Event: 1582.192 Executing VM operation: ParallelGCFailedAllocation
Event: 1586.114 Executing VM operation: ParallelGCFailedAllocation done
Event: 1586.118 Executing VM operation: ParallelGCFailedAllocation
Event: 1588.764 Executing VM operation: ParallelGCFailedAllocation done
Event: 1588.764 Executing VM operation: ParallelGCFailedAllocation
Event: 1591.193 Executing VM operation: ParallelGCFailedAllocation done
Event: 1591.193 Executing VM operation: ParallelGCFailedAllocation
Event: 1595.451 Executing VM operation: ParallelGCFailedAllocation done
Event: 1595.452 Executing VM operation: ParallelGCFailedAllocation
Event: 1597.549 Executing VM operation: ParallelGCFailedAllocation done
Event: 1597.549 Executing VM operation: ParallelGCFailedAllocation
Event: 1599.589 Executing VM operation: ParallelGCFailedAllocation done
Event: 1599.589 Executing VM operation: ParallelGCFailedAllocation
Event: 1603.520 Executing VM operation: ParallelGCFailedAllocation done

Events (20 events):
Event: 224.766 Thread 0x00007efcf4001560 Thread added: 0x00007efcf4001560
Event: 224.767 Thread 0x00007efcd0162370 Thread exited: 0x00007efcd0162370
Event: 224.767 Protecting memory [0x00007efd11500000,0x00007efd11504000] with protection modes 0
Event: 231.686 Thread 0x00007efccc01d4d0 Thread added: 0x00007efccc01d4d0
Event: 231.722 Protecting memory [0x00007efd49100000,0x00007efd49104000] with protection modes 0
Event: 246.990 Thread 0x00007efcd444e170 Thread added: 0x00007efcd444e170
Event: 246.992 Protecting memory [0x00007efd48400000,0x00007efd48404000] with protection modes 0
Event: 267.461 Thread 0x00007efccc022230 Thread added: 0x00007efccc022230
Event: 267.463 Protecting memory [0x00007efd11300000,0x00007efd11304000] with protection modes 0
Event: 367.422 loading class java/io/InterruptedIOException
Event: 367.422 loading class java/io/InterruptedIOException done
Event: 367.422 loading class javax/net/ssl/SSLException
Event: 367.422 loading class javax/net/ssl/SSLException done
Event: 367.423 loading class java/lang/AssertionError
Event: 367.423 loading class java/lang/AssertionError done
Event: 369.461 Thread 0x00007efccc022230 Thread exited: 0x00007efccc022230
Event: 373.222 Thread 0x00007efcd4400610 Thread exited: 0x00007efcd4400610
Event: 373.222 Thread 0x00007efcb8001dd0 Thread exited: 0x00007efcb8001dd0
Event: 375.166 Thread 0x00007efcd444e170 Thread exited: 0x00007efcd444e170
Event: 428.274 Thread 0x00007efcd4401150 Thread exited: 0x00007efcd4401150


Dynamic libraries:
e0000000-f5580000 rw-p 00000000 00:00 0 
f5580000-f9100000 rw-p 00000000 00:00 0 
f9100000-100000000 ---p 00000000 00:00 0 
800000000-800449000 rw-p 00001000 00:1eba 4611686019135357769            /nix/store/gpxl5qgg8kicmcvivwmybwjlpf7wh20l-graalvm17-ce-22.3.0/lib/server/classes.jsa
800449000-800bc8000 r--p 0044a000 00:1eba 4611686019135357769            /nix/store/gpxl5qgg8kicmcvivwmybwjlpf7wh20l-graalvm17-ce-22.3.0/lib/server/classes.jsa
800bc8000-800c00000 ---p 00000000 00:00 0 
800c00000-800c20000 rw-p 00000000 00:00 0 
800c20000-800c40000 rw-p 00000000 00:00 0 
800c40000-800cc0000 rw-p 00000000 00:00 0 
800cc0000-800d00000 rw-p 00000000 00:00 0 
800d00000-800dc0000 rw-p 00000000 00:00 0 
800dc0000-800e00000 rw-p 00000000 00:00 0 
800e00000-800f40000 rw-p 00000000 00:00 0 
800f40000-800fc0000 rw-p 00000000 00:00 0 
800fc0000-801000000 rw-p 00000000 00:00 0 
801000000-801270000 rw-p 00000000 00:00 0 
801270000-840c00000 ---p 00000000 00:00 0 
55f576e9e000-55f576e9f000 r-xp 00000000 00:1eba 4611686019099417844      /nix/store/gpxl5qgg8kicmcvivwmybwjlpf7wh20l-graalvm17-ce-22.3.0/bin/.java-wrapped
55f576ea0000-55f576ea1000 r--p 00001000 00:1eba 4611686019099417844      /nix/store/gpxl5qgg8kicmcvivwmybwjlpf7wh20l-graalvm17-ce-22.3.0/bin/.java-wrapped
55f576ea1000-55f576ea2000 rw-p 00002000 00:1eba 4611686019099417844      /nix/store/gpxl5qgg8kicmcvivwmybwjlpf7wh20l-graalvm17-ce-22.3.0/bin/.java-wrapped
55f576ea2000-55f576ea3000 rw-p 00004000 00:1eba 4611686019099417844      /nix/store/gpxl5qgg8kicmcvivwmybwjlpf7wh20l-graalvm17-ce-22.3.0/bin/.java-wrapped
55f576ea3000-55f576ea4000 rw-p 00005000 00:1eba 4611686019099417844      /nix/store/gpxl5qgg8kicmcvivwmybwjlpf7wh20l-graalvm17-ce-22.3.0/bin/.java-wrapped
55f5783c8000-55f578410000 rw-p 00000000 00:00 0                          [heap]
7efca0000000-7efca00e4000 rw-p 00000000 00:00 0 
7efca00e4000-7efca4000000 ---p 00000000 00:00 0 
7efca6800000-7efca6830000 rw-p 00000000 00:00 0 
7efca6830000-7efca7000000 ---p 00000000 00:00 0 
7efca8000000-7efca8021000 rw-p 00000000 00:00 0 
7efca8021000-7efcac000000 ---p 00000000 00:00 0 
7efcac000000-7efcac021000 rw-p 00000000 00:00 0 
7efcac021000-7efcb0000000 ---p 00000000 00:00 0 
7efcb0000000-7efcb0021000 rw-p 00000000 00:00 0 
7efcb0021000-7efcb4000000 ---p 00000000 00:00 0 
7efcb4000000-7efcb4021000 rw-p 00000000 00:00 0 
7efcb4021000-7efcb8000000 ---p 00000000 00:00 0 
7efcb8000000-7efcb8021000 rw-p 00000000 00:00 0 
7efcb8021000-7efcbc000000 ---p 00000000 00:00 0 
7efcbd000000-7efcbd800000 rw-p 00000000 00:00 0 
7efcbd800000-7efcbdb00000 rw-p 00000000 00:00 0 
7efcbdb00000-7efcbdbd0000 rw-p 00000000 00:00 0 
7efcbdbd0000-7efcbdc00000 ---p 00000000 00:00 0 
7efcbdc00000-7efcbe000000 rw-p 00000000 00:00 0 
7efcbe4b3000-7efcc8000000 r--s 00000000 00:1eba 4611686019135192581      /nix/store/gpxl5qgg8kicmcvivwmybwjlpf7wh20l-graalvm17-ce-22.3.0/lib/modules
7efcc8000000-7efcc8024000 rw-p 00000000 00:00 0 
7efcc8024000-7efccc000000 ---p 00000000 00:00 0 
7efccc000000-7efccc02e000 rw-p 00000000 00:00 0 
7efccc02e000-7efcd0000000 ---p 00000000 00:00 0 
7efcd0000000-7efcd0196000 rw-p 00000000 00:00 0 
7efcd0196000-7efcd4000000 ---p 00000000 00:00 0 
7efcd4000000-7efcd467e000 rw-p 00000000 00:00 0 
7efcd467e000-7efcd8000000 ---p 00000000 00:00 0 
7efcd8000000-7efcd8021000 rw-p 00000000 00:00 0 
7efcd8021000-7efcdc000000 ---p 00000000 00:00 0 
7efcdc000000-7efcdc021000 rw-p 00000000 00:00 0 
7efcdc021000-7efce0000000 ---p 00000000 00:00 0 
7efce0000000-7efce003a000 rw-p 00000000 00:00 0 
7efce003a000-7efce4000000 ---p 00000000 00:00 0 
7efce4000000-7efce406a000 rw-p 00000000 00:00 0 
7efce406a000-7efce8000000 ---p 00000000 00:00 0 
7efce8000000-7efce8021000 rw-p 00000000 00:00 0 
7efce8021000-7efcec000000 ---p 00000000 00:00 0 
7efcec000000-7efcec32f000 rw-p 00000000 00:00 0 
7efcec32f000-7efcf0000000 ---p 00000000 00:00 0 
7efcf0000000-7efcf0021000 rw-p 00000000 00:00 0 
7efcf0021000-7efcf4000000 ---p 00000000 00:00 0 
7efcf4000000-7efcf40fa000 rw-p 00000000 00:00 0 
7efcf40fa000-7efcf8000000 ---p 00000000 00:00 0 
7efcf8000000-7efcf88ba000 rw-p 00000000 00:00 0 
7efcf88ba000-7efcfc000000 ---p 00000000 00:00 0 
7efcfc000000-7efcfc026000 rw-p 00000000 00:00 0 
7efcfc026000-7efd00000000 ---p 00000000 00:00 0 
7efd00000000-7efd00021000 rw-p 00000000 00:00 0 
7efd00021000-7efd04000000 ---p 00000000 00:00 0 
7efd04000000-7efd04021000 rw-p 00000000 00:00 0 
7efd04021000-7efd08000000 ---p 00000000 00:00 0 
7efd08000000-7efd080fc000 rw-p 00000000 00:00 0 
7efd080fc000-7efd0c000000 ---p 00000000 00:00 0 
7efd0c400000-7efd0c5c0000 rw-p 00000000 00:00 0 
7efd0c5c0000-7efd0c600000 rw-p 00000000 00:00 0 
7efd0c600000-7efd0c700000 rw-p 00000000 00:00 0 
7efd0c700000-7efd0c800000 rw-p 00000000 00:00 0 
7efd0c800000-7efd0cc00000 rw-p 00000000 00:00 0 
7efd0cc00000-7efd0ccc0000 rw-p 00000000 00:00 0 
7efd0ccc0000-7efd0cd00000 rw-p 00000000 00:00 0 
7efd0cd00000-7efd0cf00000 rw-p 00000000 00:00 0 
7efd0cf00000-7efd0d000000 rw-p 00000000 00:00 0 
7efd0d000000-7efd0d100000 rw-p 00000000 00:00 0 
7efd0d100000-7efd0d200000 rw-p 00000000 00:00 0 
7efd0d200000-7efd0d400000 rw-p 00000000 00:00 0 
7efd0e400000-7efd0e500000 rw-p 00000000 00:00 0 
7efd0e500000-7efd0e600000 rw-p 00000000 00:00 0 
7efd0e600000-7efd0ec00000 rw-p 00000000 00:00 0 
7efd0ec00000-7efd0ed00000 rw-p 00000000 00:00 0 
7efd0ed00000-7efd0ee00000 rw-p 00000000 00:00 0 
7efd0ee00000-7efd0f100000 rw-p 00000000 00:00 0 
7efd0f100000-7efd0f200000 rw-p 00000000 00:00 0 
7efd0f200000-7efd0f400000 rw-p 00000000 00:00 0 
7efd0f400000-7efd0f410000 r-xp 00000000 00:1eb7 353                      /home/runner/.cache/jdt-language-server/config/org.eclipse.equinox.launcher/org.eclipse.equinox.launcher.gtk.linux.x86_64_1.2.400.v20211117-0650/eclipse_11600.so
7efd0f410000-7efd0f60f000 ---p 00010000 00:1eb7 353                      /home/runner/.cache/jdt-language-server/config/org.eclipse.equinox.launcher/org.eclipse.equinox.launcher.gtk.linux.x86_64_1.2.400.v20211117-0650/eclipse_11600.so
7efd0f60f000-7efd0f610000 r--p 0000f000 00:1eb7 353                      /home/runner/.cache/jdt-language-server/config/org.eclipse.equinox.launcher/org.eclipse.equinox.launcher.gtk.linux.x86_64_1.2.400.v20211117-0650/eclipse_11600.so
7efd0f610000-7efd0f611000 rw-p 00010000 00:1eb7 353                      /home/runner/.cache/jdt-language-server/config/org.eclipse.equinox.launcher/org.eclipse.equinox.launcher.gtk.linux.x86_64_1.2.400.v20211117-0650/eclipse_11600.so
7efd0f800000-7efd0f900000 ---p 00000000 00:00 0 
7efd0f900000-7efd0feaf000 r--p 01122000 00:1eba 4611686019135190040      /nix/store/gpxl5qgg8kicmcvivwmybwjlpf7wh20l-graalvm17-ce-22.3.0/lib/libjvmcicompiler.so
7efd0feaf000-7efd10000000 r--p 00000000 00:00 0 
7efd10000000-7efd1003d000 rw-p 00000000 00:00 0 
7efd1003d000-7efd1055d000 rw-p 0185f000 00:1eba 4611686019135190040      /nix/store/gpxl5qgg8kicmcvivwmybwjlpf7wh20l-graalvm17-ce-22.3.0/lib/libjvmcicompiler.so
7efd1055d000-7efd10944000 r--p 01d7f000 00:1eba 4611686019135190040      /nix/store/gpxl5qgg8kicmcvivwmybwjlpf7wh20l-graalvm17-ce-22.3.0/lib/libjvmcicompiler.so
7efd10a00000-7efd10a04000 ---p 00000000 00:00 0 
7efd10a04000-7efd10b00000 rw-p 00000000 00:00 0 
7efd10b00000-7efd10b04000 ---p 00000000 00:00 0 
7efd10b04000-7efd10c00000 rw-p 00000000 00:00 0 
7efd10d00000-7efd10d04000 ---p 00000000 00:00 0 
7efd10d04000-7efd10e00000 rw-p 00000000 00:00 0 
7efd10f00000-7efd10f04000 ---p 00000000 00:00 0 
7efd10f04000-7efd11000000 rw-p 00000000 00:00 0 
7efd11100000-7efd11104000 ---p 00000000 00:00 0 
7efd11104000-7efd11200000 rw-p 00000000 00:00 0 
7efd11300000-7efd11304000 ---p 00000000 00:00 0 
7efd11304000-7efd11400000 rw-p 00000000 00:00 0 
7efd11500000-7efd11504000 ---p 00000000 00:00 0 
7efd11504000-7efd11600000 rw-p 00000000 00:00 0 
7efd11700000-7efd11704000 ---p 00000000 00:00 0 
7efd11704000-7efd11800000 rw-p 00000000 00:00 0 
7efd11900000-7efd11904000 ---p 00000000 00:00 0 
7efd11904000-7efd11a00000 rw-p 00000000 00:00 0 
7efd11b00000-7efd11b04000 ---p 00000000 00:00 0 
7efd11b04000-7efd11c00000 rw-p 00000000 00:00 0 
7efd11c00000-7efd13d6a000 r-xp 00000000 00:1eba 4611686019135190040      /nix/store/gpxl5qgg8kicmcvivwmybwjlpf7wh20l-graalvm17-ce-22.3.0/lib/libjvmcicompiler.so
7efd13d6a000-7efd13f69000 ---p 0216a000 00:1eba 4611686019135190040      /nix/store/gpxl5qgg8kicmcvivwmybwjlpf7wh20l-graalvm17-ce-22.3.0/lib/libjvmcicompiler.so
7efd13f69000-7efd13f6a000 r--p 02169000 00:1eba 4611686019135190040      /nix/store/gpxl5qgg8kicmcvivwmybwjlpf7wh20l-graalvm17-ce-22.3.0/lib/libjvmcicompiler.so
7efd13f6a000-7efd13f6c000 rw-p 0216a000 00:1eba 4611686019135190040      /nix/store/gpxl5qgg8kicmcvivwmybwjlpf7wh20l-graalvm17-ce-22.3.0/lib/libjvmcicompiler.so
7efd13f6c000-7efd13f6d000 rw-p 00000000 00:00 0 
7efd13f6d000-7efd13f72000 rw-p 023c3000 00:1eba 4611686019135190040      /nix/store/gpxl5qgg8kicmcvivwmybwjlpf7wh20l-graalvm17-ce-22.3.0/lib/libjvmcicompiler.so
7efd14000000-7efd14021000 rw-p 00000000 00:00 0 
7efd14021000-7efd18000000 ---p 00000000 00:00 0 
7efd18000000-7efd18021000 rw-p 00000000 00:00 0 
7efd18021000-7efd1c000000 ---p 00000000 00:00 0 
7efd1c000000-7efd1c049000 rw-p 00000000 00:00 0 
7efd1c049000-7efd20000000 ---p 00000000 00:00 0 
7efd20000000-7efd20021000 rw-p 00000000 00:00 0 
7efd20021000-7efd24000000 ---p 00000000 00:00 0 
7efd24000000-7efd240d3000 rw-p 00000000 00:00 0 
7efd240d3000-7efd28000000 ---p 00000000 00:00 0 
7efd28000000-7efd28b9c000 rw-p 00000000 00:00 0 
7efd28b9c000-7efd2c000000 ---p 00000000 00:00 0 
7efd2c000000-7efd2c021000 rw-p 00000000 00:00 0 
7efd2c021000-7efd30000000 ---p 00000000 00:00 0 
7efd30000000-7efd30021000 rw-p 00000000 00:00 0 
7efd30021000-7efd34000000 ---p 00000000 00:00 0 
7efd34000000-7efd34021000 rw-p 00000000 00:00 0 
7efd34021000-7efd38000000 ---p 00000000 00:00 0 
7efd38000000-7efd38021000 rw-p 00000000 00:00 0 
7efd38021000-7efd3c000000 ---p 00000000 00:00 0 
7efd3c000000-7efd3c021000 rw-p 00000000 00:00 0 
7efd3c021000-7efd40000000 ---p 00000000 00:00 0 
7efd40000000-7efd40021000 rw-p 00000000 00:00 0 
7efd40021000-7efd44000000 ---p 00000000 00:00 0 
7efd44000000-7efd4406d000 rw-p 00000000 00:00 0 
7efd4406d000-7efd48000000 ---p 00000000 00:00 0 
7efd48000000-7efd48004000 ---p 00000000 00:00 0 
7efd48004000-7efd48100000 rw-p 00000000 00:00 0 
7efd48200000-7efd48204000 ---p 00000000 00:00 0 
7efd48204000-7efd48300000 rw-p 00000000 00:00 0 
7efd48400000-7efd48404000 ---p 00000000 00:00 0 
7efd48404000-7efd48500000 rw-p 00000000 00:00 0 
7efd48600000-7efd48604000 ---p 00000000 00:00 0 
7efd48604000-7efd48700000 rw-p 00000000 00:00 0 
7efd48800000-7efd48804000 ---p 00000000 00:00 0 
7efd48804000-7efd48900000 rw-p 00000000 00:00 0 
7efd48a00000-7efd48a04000 ---p 00000000 00:00 0 
7efd48a04000-7efd48b00000 rw-p 00000000 00:00 0 
7efd48b00000-7efd48b04000 ---p 00000000 00:00 0 
7efd48b04000-7efd48c00000 rw-p 00000000 00:00 0 
7efd48c00000-7efd48c04000 ---p 00000000 00:00 0 
7efd48c04000-7efd48d00000 rw-p 00000000 00:00 0 
7efd48e00000-7efd48e04000 ---p 00000000 00:00 0 
7efd48e04000-7efd48f00000 rw-p 00000000 00:00 0 
7efd48f00000-7efd48f04000 ---p 00000000 00:00 0 
7efd48f04000-7efd49000000 rw-p 00000000 00:00 0 
7efd49000000-7efd49004000 ---p 00000000 00:00 0 
7efd49004000-7efd49100000 rw-p 00000000 00:00 0 
7efd49100000-7efd49104000 ---p 00000000 00:00 0 
7efd49104000-7efd49200000 rw-p 00000000 00:00 0 
7efd49200000-7efd49204000 ---p 00000000 00:00 0 
7efd49204000-7efd49300000 rw-p 00000000 00:00 0 
7efd49f68000-7efd4a400000 rw-p 00000000 00:00 0 
7efd4a4fe000-7efd4a4ff000 ---p 00000000 00:00 0 
7efd4a4ff000-7efd4a600000 rw-p 00000000 00:00 0 
7efd4a600000-7efd4a604000 ---p 00000000 00:00 0 
7efd4a604000-7efd4a700000 rw-p 00000000 00:00 0 
7efd4a700000-7efd4a704000 ---p 00000000 00:00 0 
7efd4a704000-7efd4a800000 rw-p 00000000 00:00 0 
7efd4a800000-7efd4a804000 ---p 00000000 00:00 0 
7efd4a804000-7efd4aa00000 rw-p 00000000 00:00 0 
7efd4aa00000-7efd4aa04000 ---p 00000000 00:00 0 
7efd4aa04000-7efd4b000000 rw-p 00000000 00:00 0 
7efd4b000000-7efd4b300000 rw-p 00000000 00:00 0 
7efd4b300000-7efd4b400000 rw-p 00000000 00:00 0 
7efd4b476000-7efd4b47a000 ---p 00000000 00:00 0 
7efd4b47a000-7efd4b498000 rw-p 00000000 00:00 0 
7efd4b498000-7efd4b4ad000 r-xp 00000000 00:1eba 4611686019135192570      /nix/store/gpxl5qgg8kicmcvivwmybwjlpf7wh20l-graalvm17-ce-22.3.0/lib/libnet.so
7efd4b4ad000-7efd4b4ae000 ---p 00015000 00:1eba 4611686019135192570      /nix/store/gpxl5qgg8kicmcvivwmybwjlpf7wh20l-graalvm17-ce-22.3.0/lib/libnet.so
7efd4b4ae000-7efd4b4af000 r--p 00015000 00:1eba 4611686019135192570      /nix/store/gpxl5qgg8kicmcvivwmybwjlpf7wh20l-graalvm17-ce-22.3.0/lib/libnet.so
7efd4b4af000-7efd4b4b0000 rw-p 00016000 00:1eba 4611686019135192570      /nix/store/gpxl5qgg8kicmcvivwmybwjlpf7wh20l-graalvm17-ce-22.3.0/lib/libnet.so
7efd4b4b0000-7efd4b4b3000 rw-p 0001b000 00:1eba 4611686019135192570      /nix/store/gpxl5qgg8kicmcvivwmybwjlpf7wh20l-graalvm17-ce-22.3.0/lib/libnet.so
7efd4b4b3000-7efd4b723000 rwxp 00000000 00:00 0 
7efd4b723000-7efd4ba42000 ---p 00000000 00:00 0 
7efd4ba42000-7efd4cb82000 rwxp 00000000 00:00 0 
7efd4cb82000-7efd52f7a000 ---p 00000000 00:00 0 
7efd52f7a000-7efd5324a000 rwxp 00000000 00:00 0 
7efd5324a000-7efd5a4b3000 ---p 00000000 00:00 0 
7efd5a4b3000-7efd64000000 r--s 00000000 00:1eba 4611686019135192581      /nix/store/gpxl5qgg8kicmcvivwmybwjlpf7wh20l-graalvm17-ce-22.3.0/lib/modules
7efd64000000-7efd6461f000 rw-p 00000000 00:00 0 
7efd6461f000-7efd68000000 ---p 00000000 00:00 0 
7efd68002000-7efd68004000 r-xp 00000000 00:1eba 4611686019135190017      /nix/store/gpxl5qgg8kicmcvivwmybwjlpf7wh20l-graalvm17-ce-22.3.0/lib/libextnet.so
7efd68004000-7efd68005000 r--p 00001000 00:1eba 4611686019135190017      /nix/store/gpxl5qgg8kicmcvivwmybwjlpf7wh20l-graalvm17-ce-22.3.0/lib/libextnet.so
7efd68005000-7efd68006000 rw-p 00002000 00:1eba 4611686019135190017      /nix/store/gpxl5qgg8kicmcvivwmybwjlpf7wh20l-graalvm17-ce-22.3.0/lib/libextnet.so
7efd68006000-7efd68007000 rw-p 00004000 00:1eba 4611686019135190017      /nix/store/gpxl5qgg8kicmcvivwmybwjlpf7wh20l-graalvm17-ce-22.3.0/lib/libextnet.so
7efd68007000-7efd6800e000 r-xp 00000000 00:1eba 4611686019135192580      /nix/store/gpxl5qgg8kicmcvivwmybwjlpf7wh20l-graalvm17-ce-22.3.0/lib/libzip.so
7efd6800e000-7efd6800f000 ---p 00007000 00:1eba 4611686019135192580      /nix/store/gpxl5qgg8kicmcvivwmybwjlpf7wh20l-graalvm17-ce-22.3.0/lib/libzip.so
7efd6800f000-7efd68010000 r--p 00007000 00:1eba 4611686019135192580      /nix/store/gpxl5qgg8kicmcvivwmybwjlpf7wh20l-graalvm17-ce-22.3.0/lib/libzip.so
7efd68010000-7efd68011000 rw-p 00008000 00:1eba 4611686019135192580      /nix/store/gpxl5qgg8kicmcvivwmybwjlpf7wh20l-graalvm17-ce-22.3.0/lib/libzip.so
7efd68011000-7efd68013000 rw-p 0000b000 00:1eba 4611686019135192580      /nix/store/gpxl5qgg8kicmcvivwmybwjlpf7wh20l-graalvm17-ce-22.3.0/lib/libzip.so
7efd68013000-7efd68026000 r-xp 00000000 00:1eba 4611686019135192571      /nix/store/gpxl5qgg8kicmcvivwmybwjlpf7wh20l-graalvm17-ce-22.3.0/lib/libnio.so
7efd68026000-7efd68027000 r--p 00012000 00:1eba 4611686019135192571      /nix/store/gpxl5qgg8kicmcvivwmybwjlpf7wh20l-graalvm17-ce-22.3.0/lib/libnio.so
7efd68027000-7efd68028000 rw-p 00013000 00:1eba 4611686019135192571      /nix/store/gpxl5qgg8kicmcvivwmybwjlpf7wh20l-graalvm17-ce-22.3.0/lib/libnio.so
7efd68028000-7efd6802d000 rw-p 00019000 00:1eba 4611686019135192571      /nix/store/gpxl5qgg8kicmcvivwmybwjlpf7wh20l-graalvm17-ce-22.3.0/lib/libnio.so
7efd6802d000-7efd68031000 ---p 00000000 00:00 0 
7efd68031000-7efd6812d000 rw-p 00000000 00:00 0 
7efd6812d000-7efd68131000 ---p 00000000 00:00 0 
7efd68131000-7efd6822d000 rw-p 00000000 00:00 0 
7efd6822d000-7efd68231000 ---p 00000000 00:00 0 
7efd68231000-7efd6832d000 rw-p 00000000 00:00 0 
7efd6832d000-7efd68331000 ---p 00000000 00:00 0 
7efd68331000-7efd6842d000 rw-p 00000000 00:00 0 
7efd6842d000-7efd68713000 r--p 00000000 00:1ea6 28444448                 /usr/lib/locale/locale-archive
7efd68713000-7efd68717000 ---p 00000000 00:00 0 
7efd68717000-7efd68813000 rw-p 00000000 00:00 0 
7efd68813000-7efd68817000 ---p 00000000 00:00 0 
7efd68817000-7efd68913000 rw-p 00000000 00:00 0 
7efd68913000-7efd68914000 ---p 00000000 00:00 0 
7efd68914000-7efd68a15000 rw-p 00000000 00:00 0 
7efd68a15000-7efd68ae3000 r-xp 00000000 00:1eba 4611686019135190036      /nix/store/gpxl5qgg8kicmcvivwmybwjlpf7wh20l-graalvm17-ce-22.3.0/lib/libjsvml.so
7efd68ae3000-7efd68ae4000 r--p 000cd000 00:1eba 4611686019135190036      /nix/store/gpxl5qgg8kicmcvivwmybwjlpf7wh20l-graalvm17-ce-22.3.0/lib/libjsvml.so
7efd68ae4000-7efd68ae5000 rw-p 000ce000 00:1eba 4611686019135190036      /nix/store/gpxl5qgg8kicmcvivwmybwjlpf7wh20l-graalvm17-ce-22.3.0/lib/libjsvml.so
7efd68ae5000-7efd6a3bd000 rw-p 00000000 00:00 0 
7efd6a3bd000-7efd6a3be000 ---p 00000000 00:00 0 
7efd6a3be000-7efd6a569000 rw-p 00000000 00:00 0 
7efd6a569000-7efd6a588000 rw-p 00000000 00:00 0 
7efd6a588000-7efd6a5bf000 ---p 00000000 00:00 0 
7efd6a5bf000-7efd6a5c6000 rw-p 00000000 00:00 0 
7efd6a5c6000-7efd6a6ab000 ---p 00000000 00:00 0 
7efd6a6ab000-7efd6a6ce000 rw-p 00000000 00:00 0 
7efd6a6ce000-7efd6a796000 ---p 00000000 00:00 0 
7efd6a796000-7efd6a79b000 rw-p 00000000 00:00 0 
7efd6a79b000-7efd6a7a2000 ---p 00000000 00:00 0 
7efd6a7a2000-7efd6a7c6000 r-xp 00000000 00:1eba 4611686019135190028      /nix/store/gpxl5qgg8kicmcvivwmybwjlpf7wh20l-graalvm17-ce-22.3.0/lib/libjava.so
7efd6a7c6000-7efd6a7c7000 ---p 00024000 00:1eba 4611686019135190028      /nix/store/gpxl5qgg8kicmcvivwmybwjlpf7wh20l-graalvm17-ce-22.3.0/lib/libjava.so
7efd6a7c7000-7efd6a7c8000 r--p 00024000 00:1eba 4611686019135190028      /nix/store/gpxl5qgg8kicmcvivwmybwjlpf7wh20l-graalvm17-ce-22.3.0/lib/libjava.so
7efd6a7c8000-7efd6a7c9000 rw-p 00025000 00:1eba 4611686019135190028      /nix/store/gpxl5qgg8kicmcvivwmybwjlpf7wh20l-graalvm17-ce-22.3.0/lib/libjava.so
7efd6a7c9000-7efd6a7ca000 rw-p 00000000 00:00 0 
7efd6a7ca000-7efd6a7d1000 rw-p 0002f000 00:1eba 4611686019135190028      /nix/store/gpxl5qgg8kicmcvivwmybwjlpf7wh20l-graalvm17-ce-22.3.0/lib/libjava.so
7efd6a7d1000-7efd6a7d9000 rw-s 00000000 00:1063 350                      /tmp/hsperfdata_runner/20
7efd6a7d9000-7efd6a7da000 ---p 00000000 00:00 0 
7efd6a7da000-7efd6a7db000 r--p 00000000 00:00 0 
7efd6a7db000-7efd6a7dc000 rwxp 00000000 00:00 0 
7efd6a7dc000-7efd6a7f7000 r-xp 00000000 00:1eba 4611686019135190032      /nix/store/gpxl5qgg8kicmcvivwmybwjlpf7wh20l-graalvm17-ce-22.3.0/lib/libjimage.so
7efd6a7f7000-7efd6a7f8000 ---p 0001b000 00:1eba 4611686019135190032      /nix/store/gpxl5qgg8kicmcvivwmybwjlpf7wh20l-graalvm17-ce-22.3.0/lib/libjimage.so
7efd6a7f8000-7efd6a7fa000 r--p 0001b000 00:1eba 4611686019135190032      /nix/store/gpxl5qgg8kicmcvivwmybwjlpf7wh20l-graalvm17-ce-22.3.0/lib/libjimage.so
7efd6a7fa000-7efd6a7fb000 rw-p 0001d000 00:1eba 4611686019135190032      /nix/store/gpxl5qgg8kicmcvivwmybwjlpf7wh20l-graalvm17-ce-22.3.0/lib/libjimage.so
7efd6a7fb000-7efd6a7fc000 rw-p 00024000 00:1eba 4611686019135190032      /nix/store/gpxl5qgg8kicmcvivwmybwjlpf7wh20l-graalvm17-ce-22.3.0/lib/libjimage.so
7efd6a7fc000-7efd6a800000 ---p 00000000 00:00 0 
7efd6a800000-7efd6a8fc000 rw-p 00000000 00:00 0 
7efd6a8fc000-7efd6a90a000 r--p 00000000 00:1eba 4611686019027979927      /nix/store/4nlgxhb09sdr51nc9hdm8az5b08vzkgx-glibc-2.35-163/lib/libm.so.6
7efd6a90a000-7efd6a97d000 r-xp 0000e000 00:1eba 4611686019027979927      /nix/store/4nlgxhb09sdr51nc9hdm8az5b08vzkgx-glibc-2.35-163/lib/libm.so.6
7efd6a97d000-7efd6a9da000 r--p 00081000 00:1eba 4611686019027979927      /nix/store/4nlgxhb09sdr51nc9hdm8az5b08vzkgx-glibc-2.35-163/lib/libm.so.6
7efd6a9da000-7efd6a9db000 r--p 000dd000 00:1eba 4611686019027979927      /nix/store/4nlgxhb09sdr51nc9hdm8az5b08vzkgx-glibc-2.35-163/lib/libm.so.6
7efd6a9db000-7efd6a9dc000 rw-p 000de000 00:1eba 4611686019027979927      /nix/store/4nlgxhb09sdr51nc9hdm8az5b08vzkgx-glibc-2.35-163/lib/libm.so.6
7efd6a9dc000-7efd6a9dd000 r--p 00000000 00:1eba 4611686019027979946      /nix/store/4nlgxhb09sdr51nc9hdm8az5b08vzkgx-glibc-2.35-163/lib/librt.so.1
7efd6a9dd000-7efd6a9de000 r-xp 00001000 00:1eba 4611686019027979946      /nix/store/4nlgxhb09sdr51nc9hdm8az5b08vzkgx-glibc-2.35-163/lib/librt.so.1
7efd6a9de000-7efd6a9df000 r--p 00002000 00:1eba 4611686019027979946      /nix/store/4nlgxhb09sdr51nc9hdm8az5b08vzkgx-glibc-2.35-163/lib/librt.so.1
7efd6a9df000-7efd6a9e0000 r--p 00002000 00:1eba 4611686019027979946      /nix/store/4nlgxhb09sdr51nc9hdm8az5b08vzkgx-glibc-2.35-163/lib/librt.so.1
7efd6a9e0000-7efd6a9e1000 rw-p 00003000 00:1eba 4611686019027979946      /nix/store/4nlgxhb09sdr51nc9hdm8az5b08vzkgx-glibc-2.35-163/lib/librt.so.1
7efd6a9e1000-7efd6baf4000 r-xp 00000000 00:1eba 4611686019135360866      /nix/store/gpxl5qgg8kicmcvivwmybwjlpf7wh20l-graalvm17-ce-22.3.0/lib/server/libjvm.so
7efd6baf4000-7efd6baf5000 ---p 01113000 00:1eba 4611686019135360866      /nix/store/gpxl5qgg8kicmcvivwmybwjlpf7wh20l-graalvm17-ce-22.3.0/lib/server/libjvm.so
7efd6baf5000-7efd6bbaa000 r--p 01113000 00:1eba 4611686019135360866      /nix/store/gpxl5qgg8kicmcvivwmybwjlpf7wh20l-graalvm17-ce-22.3.0/lib/server/libjvm.so
7efd6bbaa000-7efd6bbde000 rw-p 011c8000 00:1eba 4611686019135360866      /nix/store/gpxl5qgg8kicmcvivwmybwjlpf7wh20l-graalvm17-ce-22.3.0/lib/server/libjvm.so
7efd6bbde000-7efd6bc3a000 rw-p 00000000 00:00 0 
7efd6bc3a000-7efd6bc62000 r--p 00000000 00:1eba 4611686019027979918      /nix/store/4nlgxhb09sdr51nc9hdm8az5b08vzkgx-glibc-2.35-163/lib/libc.so.6
7efd6bc62000-7efd6bdd8000 r-xp 00028000 00:1eba 4611686019027979918      /nix/store/4nlgxhb09sdr51nc9hdm8az5b08vzkgx-glibc-2.35-163/lib/libc.so.6
7efd6bdd8000-7efd6be30000 r--p 0019e000 00:1eba 4611686019027979918      /nix/store/4nlgxhb09sdr51nc9hdm8az5b08vzkgx-glibc-2.35-163/lib/libc.so.6
7efd6be30000-7efd6be34000 r--p 001f6000 00:1eba 4611686019027979918      /nix/store/4nlgxhb09sdr51nc9hdm8az5b08vzkgx-glibc-2.35-163/lib/libc.so.6
7efd6be34000-7efd6be36000 rw-p 001fa000 00:1eba 4611686019027979918      /nix/store/4nlgxhb09sdr51nc9hdm8az5b08vzkgx-glibc-2.35-163/lib/libc.so.6
7efd6be36000-7efd6be45000 rw-p 00000000 00:00 0 
7efd6be45000-7efd6be46000 r--p 00000000 00:1eba 4611686019027979923      /nix/store/4nlgxhb09sdr51nc9hdm8az5b08vzkgx-glibc-2.35-163/lib/libdl.so.2
7efd6be46000-7efd6be47000 r-xp 00001000 00:1eba 4611686019027979923      /nix/store/4nlgxhb09sdr51nc9hdm8az5b08vzkgx-glibc-2.35-163/lib/libdl.so.2
7efd6be47000-7efd6be48000 r--p 00002000 00:1eba 4611686019027979923      /nix/store/4nlgxhb09sdr51nc9hdm8az5b08vzkgx-glibc-2.35-163/lib/libdl.so.2
7efd6be48000-7efd6be49000 r--p 00002000 00:1eba 4611686019027979923      /nix/store/4nlgxhb09sdr51nc9hdm8az5b08vzkgx-glibc-2.35-163/lib/libdl.so.2
7efd6be49000-7efd6be4a000 rw-p 00003000 00:1eba 4611686019027979923      /nix/store/4nlgxhb09sdr51nc9hdm8az5b08vzkgx-glibc-2.35-163/lib/libdl.so.2
7efd6be4a000-7efd6be4b000 r--p 00000000 00:1eba 4611686019027979942      /nix/store/4nlgxhb09sdr51nc9hdm8az5b08vzkgx-glibc-2.35-163/lib/libpthread.so.0
7efd6be4b000-7efd6be4c000 r-xp 00001000 00:1eba 4611686019027979942      /nix/store/4nlgxhb09sdr51nc9hdm8az5b08vzkgx-glibc-2.35-163/lib/libpthread.so.0
7efd6be4c000-7efd6be4d000 r--p 00002000 00:1eba 4611686019027979942      /nix/store/4nlgxhb09sdr51nc9hdm8az5b08vzkgx-glibc-2.35-163/lib/libpthread.so.0
7efd6be4d000-7efd6be4e000 r--p 00002000 00:1eba 4611686019027979942      /nix/store/4nlgxhb09sdr51nc9hdm8az5b08vzkgx-glibc-2.35-163/lib/libpthread.so.0
7efd6be4e000-7efd6be4f000 rw-p 00003000 00:1eba 4611686019027979942      /nix/store/4nlgxhb09sdr51nc9hdm8az5b08vzkgx-glibc-2.35-163/lib/libpthread.so.0
7efd6be4f000-7efd6be5d000 r-xp 00000000 00:1eba 4611686019135190033      /nix/store/gpxl5qgg8kicmcvivwmybwjlpf7wh20l-graalvm17-ce-22.3.0/lib/libjli.so
7efd6be5d000-7efd6be5e000 ---p 0000e000 00:1eba 4611686019135190033      /nix/store/gpxl5qgg8kicmcvivwmybwjlpf7wh20l-graalvm17-ce-22.3.0/lib/libjli.so
7efd6be5e000-7efd6be5f000 r--p 0000e000 00:1eba 4611686019135190033      /nix/store/gpxl5qgg8kicmcvivwmybwjlpf7wh20l-graalvm17-ce-22.3.0/lib/libjli.so
7efd6be5f000-7efd6be60000 rw-p 0000f000 00:1eba 4611686019135190033      /nix/store/gpxl5qgg8kicmcvivwmybwjlpf7wh20l-graalvm17-ce-22.3.0/lib/libjli.so
7efd6be60000-7efd6be61000 rw-p 00012000 00:1eba 4611686019135190033      /nix/store/gpxl5qgg8kicmcvivwmybwjlpf7wh20l-graalvm17-ce-22.3.0/lib/libjli.so
7efd6be61000-7efd6be64000 r--p 00000000 00:1eba 4611686019106210071      /nix/store/026hln0aq1hyshaxsdvhg0kmcm6yf45r-zlib-1.2.13/lib/libz.so.1.2.13
7efd6be64000-7efd6be76000 r-xp 00003000 00:1eba 4611686019106210071      /nix/store/026hln0aq1hyshaxsdvhg0kmcm6yf45r-zlib-1.2.13/lib/libz.so.1.2.13
7efd6be76000-7efd6be7d000 r--p 00015000 00:1eba 4611686019106210071      /nix/store/026hln0aq1hyshaxsdvhg0kmcm6yf45r-zlib-1.2.13/lib/libz.so.1.2.13
7efd6be7d000-7efd6be7e000 r--p 0001b000 00:1eba 4611686019106210071      /nix/store/026hln0aq1hyshaxsdvhg0kmcm6yf45r-zlib-1.2.13/lib/libz.so.1.2.13
7efd6be7e000-7efd6be7f000 rw-p 0001c000 00:1eba 4611686019106210071      /nix/store/026hln0aq1hyshaxsdvhg0kmcm6yf45r-zlib-1.2.13/lib/libz.so.1.2.13
7efd6be7f000-7efd6be81000 rw-p 00000000 00:00 0 
7efd6be81000-7efd6be83000 r--p 00000000 00:1eba 4611686019027979912      /nix/store/4nlgxhb09sdr51nc9hdm8az5b08vzkgx-glibc-2.35-163/lib/ld-linux-x86-64.so.2
7efd6be83000-7efd6beaa000 r-xp 00002000 00:1eba 4611686019027979912      /nix/store/4nlgxhb09sdr51nc9hdm8az5b08vzkgx-glibc-2.35-163/lib/ld-linux-x86-64.so.2
7efd6beaa000-7efd6beb6000 r--p 00029000 00:1eba 4611686019027979912      /nix/store/4nlgxhb09sdr51nc9hdm8az5b08vzkgx-glibc-2.35-163/lib/ld-linux-x86-64.so.2
7efd6beb6000-7efd6beb8000 r--p 00034000 00:1eba 4611686019027979912      /nix/store/4nlgxhb09sdr51nc9hdm8az5b08vzkgx-glibc-2.35-163/lib/ld-linux-x86-64.so.2
7efd6beb8000-7efd6beba000 rw-p 00036000 00:1eba 4611686019027979912      /nix/store/4nlgxhb09sdr51nc9hdm8az5b08vzkgx-glibc-2.35-163/lib/ld-linux-x86-64.so.2
7fff53d87000-7fff53dab000 rw-p 00000000 00:00 0                          [stack]
7fff53dc8000-7fff53dcc000 r--p 00000000 00:00 0                          [vvar]
7fff53dcc000-7fff53dce000 r-xp 00000000 00:00 0                          [vdso]
ffffffffff600000-ffffffffff601000 --xp 00000000 00:00 0                  [vsyscall]


VM Arguments:
jvm_args: -XX:ThreadPriorityPolicy=1 -XX:+UnlockExperimentalVMOptions -XX:+EnableJVMCIProduct -XX:JVMCIThreadsPerNativeLibraryRuntime=1 -XX:-UnlockExperimentalVMOptions -Declipse.application=org.eclipse.jdt.ls.core.id1 -Dosgi.bundles.defaultStartLevel=4 -Declipse.product=org.eclipse.jdt.ls.core.product -Dlog.level=ALL -Xverify:none -XX:+UseParallelGC -XX:GCTimeRatio=4 -XX:AdaptiveSizePolicyWeight=90 -Dsun.zip.disableMemoryMapping=true -Xmx512m -Xms100m 
java_command: /nix/store/m6gcpi1ii6rghy04cjwjddcavv7i90df-jdt-language-server-1.9.0/share/java/plugins/org.eclipse.equinox.launcher_1.6.400.v20210924-0641.jar --add-modules=ALL-SYSTEM --add-opens java.base/java.util=ALL-UNNAMED --add-opens java.base/java.lang=ALL-UNNAMED -configuration /home/runner/.cache/jdt-language-server/config -data /home/runner/.cache/jdt-language-server/data/home/runner/GPA-Calculator
java_class_path (initial): /nix/store/m6gcpi1ii6rghy04cjwjddcavv7i90df-jdt-language-server-1.9.0/share/java/plugins/org.eclipse.equinox.launcher_1.6.400.v20210924-0641.jar
Launcher Type: SUN_STANDARD

[Global flags]
    uintx AdaptiveSizePolicyWeight                 = 90                                        {product} {command line}
     intx CICompilerCount                          = 2                                         {product} {ergonomic}
     bool EnableJVMCIProduct                       = true                                {JVMCI product} {jimage}
    uintx GCTimeRatio                              = 4                                         {product} {command line}
   size_t InitialHeapSize                          = 104857600                                 {product} {command line}
     uint JVMCIThreadsPerNativeLibraryRuntime      = 1                                   {JVMCI product} {jimage}
   size_t MaxHeapSize                              = 536870912                                 {product} {command line}
   size_t MaxNewSize                               = 178782208                                 {product} {ergonomic}
   size_t MinHeapDeltaBytes                        = 524288                                    {product} {ergonomic}
   size_t MinHeapSize                              = 104857600                                 {product} {command line}
   size_t NewSize                                  = 34603008                                  {product} {ergonomic}
    uintx NonNMethodCodeHeapSize                   = 5826188                                {pd product} {ergonomic}
    uintx NonProfiledCodeHeapSize                  = 122916026                              {pd product} {ergonomic}
   size_t OldSize                                  = 70254592                                  {product} {ergonomic}
    uintx ProfiledCodeHeapSize                     = 122916026                              {pd product} {ergonomic}
    uintx ReservedCodeCacheSize                    = 251658240                              {pd product} {ergonomic}
     bool SegmentedCodeCache                       = true                                      {product} {ergonomic}
   size_t SoftMaxHeapSize                          = 536870912                              {manageable} {ergonomic}
     intx ThreadPriorityPolicy                     = 1                                         {product} {jimage}
     bool UseCompressedClassPointers               = true                           {product lp64_product} {ergonomic}
     bool UseCompressedOops                        = true                           {product lp64_product} {ergonomic}
     bool UseParallelGC                            = true                                      {product} {command line}

Logging:
Log output configuration:
 #0: stdout all=warning uptime,level,tags
 #1: stderr all=off uptime,level,tags

Environment Variables:
JAVA_HOME=/nix/store/gpxl5qgg8kicmcvivwmybwjlpf7wh20l-graalvm17-ce-22.3.0
PATH=/nix/store/1d6ian3r8kdzspw8hacjhl3xkp40g1lj-binutils-wrapper-2.39/bin:/nix/store/dq0xwmsk1g0i2ayg6pb7y87na2knzylh-gcc-wrapper-11.3.0/bin:/nix/store/bap4d0lpcrhpwmpb8ayjcgkmvfj62lnq-bash-interactive-5.1-p16/bin:/nix/store/pr5n59mb4jzmfx6kanwxly0l07p861fg-patchelf-0.15.0/bin:/nix/store/1gf2flfqnpqbr1b4p4qz2f72y42bs56r-gcc-11.3.0/bin:/nix/store/57xv61c5zi8pphjbcwxxjlgc34p61ic9-glibc-2.35-163-bin/bin:/nix/store/a7gvj343m05j2s32xcnwr35v31ynlypr-coreutils-9.1/bin:/nix/store/039g378vc3pc3dvi9dzdlrd0i4q93qwf-binutils-2.39/bin:/nix/store/gpxl5qgg8kicmcvivwmybwjlpf7wh20l-graalvm17-ce-22.3.0/bin:/nix/store/6z9ag3ihc8mq2hzsw48lhbznvzny65nz-apache-maven-3.8.6/bin:/nix/store/m6gcpi1ii6rghy04cjwjddcavv7i90df-jdt-language-server-1.9.0/bin:/nix/store/84xs5alhs01zrbr4ywm05kxbjbp5590l-java-debug/bin:/nix/store/mydc6f4k2z73xlcz7ilif3v2lcaiqvza-findutils-4.9.0/bin:/nix/store/j9p3g8472iijd50vhdprx0nmk2fqn5gv-diffutils-3.8/bin:/nix/store/89zs7rms6x00xfq4dq6m7mjnhkr8a6r4-gnused-4.8/bin:/nix/store/86bp03jkmsl6f92w0yzg4s59g5mhxwmy-gnugrep-3.7/bin:/nix/store/hwcdqw4jrjnd37wxqgsd47hd0j8bnj09-gawk-5.1.1/bin:/nix/store/cfbhw8r8ags41vwqaz47r583d0p4h4a1-gnutar-1.34/bin:/nix/store/p3m1ndl1lapwrlh698bnb5lvvxh67378-gzip-1.12/bin:/nix/store/a8mhcagrsly7c7mpjrpsnaahk4aax056-bzip2-1.0.8-bin/bin:/nix/store/mblgz65m3zv9x548a3d5m96fj2pbwr09-gnumake-4.3/bin:/nix/store/dsd5gz46hdbdk2rfdimqddhq6m8m8fqs-bash-5.1-p16/bin:/nix/store/v7ljksji50mg3w61dykaa3n3y79n6nil-patch-2.7.6/bin:/nix/store/zlcnmqq14jz5x9439jf937mvayyl63da-xz-5.2.7-bin/bin:/nix/store/y6aj732zm9m87c82fpvf103a1xb22blp-file-5.43/bin:/nix/store/i4kzir3m7mrisxmf5xvlnkw01x4qaqr4-prybar-elisp-0.0.0-e0d9a52/bin:/nix/store/lwwivxf6h7x3cvxp9zv8sj0mv7dak99r-prybar-lua-0.0.0-e0d9a52/bin:/nix/store/gxj28g1cg4hq3qanmjv07156h800qr58-prybar-python3-0.0.0-e0d9a52/bin:/nix/store/hshkjnxrgidigf8x75vg6lqng2xlx9i3-prybar-sqlite-0.0.0-e0d9a52/bin:/nix/store/c4w01bpjgyy5ixmwdk8m1pw87zq4sl26-prybar-tcl-0.0.0-e0d9a52/bin:/nix/store/hpbvrlwd5viqmvcaisb3x0118i913a9n-st
LD_LIBRARY_PATH=/nix/store/a4pff549sk2idnkpzk5nsfps3mdkdnvm-cups-2.4.2-lib/lib:/nix/store/72mqxxhh3cy5yifh92wh2yb8cl2hikyy-cairo-1.16.0/lib:/nix/store/2k366jrbsra97gjfxwvrhvixjfxdach5-glib-2.74.1/lib:/nix/store/2j2znigd8ak37rlwh9khz0ry3clqlw1l-gtk+3-3.24.34/lib:/nix/store/hisqvx32cd57apbpcsnkpx6k3549wql1-libglvnd-1.4.0/lib:/nix/store/p36pgcv991mq5srvg765b78yqpxvk3qs-mesa-21.3.3-drivers/lib:/nix/store/mav4251if1ahjq5vkpwycyyvnmy459c4-pulseaudio-14.2/lib
DISPLAY=:0
LANG=en_US.UTF-8

Signal Handlers:
   SIGSEGV: crash_handler in libjvm.so, mask=11100100010111111101111111111110, flags=SA_RESTART|SA_SIGINFO
    SIGBUS: crash_handler in libjvm.so, mask=11100100010111111101111111111110, flags=SA_RESTART|SA_SIGINFO
    SIGFPE: crash_handler in libjvm.so, mask=11100100010111111101111111111110, flags=SA_RESTART|SA_SIGINFO
   SIGPIPE: IsolateEnterStub_IgnoreSIGPIPEStartupHook_noopSignalHandler_8f19bff2f35b5f630d83b364d6b2339320d4ec70_216e8361c6bc87a8f89f58cc10d3b2fd4415bf87 in libjvmcicompiler.so, mask=00000000000000000000000000000000, flags=SA_RESTART
  *** Handler was modified!
  *** Expected: javaSignalHandler in libjvm.so, mask=11100100110111111111111111111110, flags=SA_RESTART|SA_SIGINFO
   SIGXFSZ: javaSignalHandler in libjvm.so, mask=11100100010111111101111111111110, flags=SA_RESTART|SA_SIGINFO
    SIGILL: crash_handler in libjvm.so, mask=11100100010111111101111111111110, flags=SA_RESTART|SA_SIGINFO
   SIGUSR2: SR_handler in libjvm.so, mask=00000000000000000000000000000000, flags=SA_RESTART|SA_SIGINFO
    SIGHUP: UserHandler in libjvm.so, mask=11100100010111111101111111111110, flags=SA_RESTART|SA_SIGINFO
    SIGINT: UserHandler in libjvm.so, mask=11100100010111111101111111111110, flags=SA_RESTART|SA_SIGINFO
   SIGTERM: UserHandler in libjvm.so, mask=11100100010111111101111111111110, flags=SA_RESTART|SA_SIGINFO
   SIGQUIT: UserHandler in libjvm.so, mask=11100100010111111101111111111110, flags=SA_RESTART|SA_SIGINFO
  *** Handler was modified!
  *** Expected: javaSignalHandler in libjvm.so, mask=11100100110111111111111111111110, flags=SA_RESTART|SA_SIGINFO
   SIGTRAP: crash_handler in libjvm.so, mask=11100100010111111101111111111110, flags=SA_RESTART|SA_SIGINFO


---------------  S Y S T E M  ---------------

OS:
DISTRIB_ID=Ubuntu
DISTRIB_RELEASE=20.04
DISTRIB_CODENAME=focal
DISTRIB_DESCRIPTION="Ubuntu 20.04.2 LTS"
uname: Linux 5.15.0-1031-gcp #38~20.04.1-Ubuntu SMP Sun Mar 12 04:47:58 UTC 2023 x86_64
OS uptime: 0 days 8:13 hours
libc: glibc 2.35 NPTL 2.35 
rlimit (soft/hard): STACK 8192k/infinity , CORE infinity/infinity , NPROC infinity/infinity , NOFILE 5242/5242 , AS infinity/infinity , CPU infinity/infinity , DATA infinity/infinity , FSIZE infinity/infinity , MEMLOCK 64k/64k
load average: 23.24 22.76 20.98

/proc/meminfo:
MemTotal:       65852712 kB
MemFree:        16608024 kB
MemAvailable:   41374792 kB
Buffers:         2483884 kB
Cached:         20968564 kB
SwapCached:            0 kB
Active:          9782692 kB
Inactive:       33965820 kB
Active(anon):      17428 kB
Inactive(anon): 20193696 kB
Active(file):    9765264 kB
Inactive(file): 13772124 kB
Unevictable:       43848 kB
Mlocked:           43848 kB
SwapTotal:             0 kB
SwapFree:              0 kB
Dirty:              3076 kB
Writeback:             0 kB
AnonPages:      18771840 kB
Mapped:          1861588 kB
Shmem:             51472 kB
KReclaimable:    1955980 kB
Slab:            4286400 kB
SReclaimable:    1955980 kB
SUnreclaim:      2330420 kB
KernelStack:      457824 kB
PageTables:       171884 kB
NFS_Unstable:          0 kB
Bounce:                0 kB
WritebackTmp:          0 kB
CommitLimit:    32926356 kB
Committed_AS:   69162476 kB
VmallocTotal:   34359738367 kB
VmallocUsed:      512736 kB
VmallocChunk:          0 kB
Percpu:           112352 kB
HardwareCorrupted:     0 kB
AnonHugePages:   3362816 kB
ShmemHugePages:        0 kB
ShmemPmdMapped:        0 kB
FileHugePages:         0 kB
FilePmdMapped:         0 kB
HugePages_Total:       0
HugePages_Free:        0
HugePages_Rsvd:        0
HugePages_Surp:        0
Hugepagesize:       2048 kB
Hugetlb:               0 kB
DirectMap4k:     5731136 kB
DirectMap2M:    54034432 kB
DirectMap1G:     9437184 kB

/sys/kernel/mm/transparent_hugepage/enabled: always [madvise] never
/sys/kernel/mm/transparent_hugepage/defrag (defrag/compaction efforts parameter): always defer defer+madvise [madvise] never

Process Memory:
Virtual Size: 4798076K (peak: 4876092K)
Resident Set Size: 764976K (peak: 833780K) (anon: 567728K, file: 197248K, shmem: 0K)
Swapped out: 0K
C-Heap outstanding allocations: 44399K, retained: 14344K
glibc malloc tunables: (default)

/proc/sys/kernel/threads-max (system-wide limit on the number of threads): 514406
/proc/sys/vm/max_map_count (maximum number of memory map areas a process may have): 65530
/proc/sys/kernel/pid_max (system-wide limit on number of process identifiers): 4194304

container (cgroup) information:
container_type: cgroupv1
cpu_cpuset_cpus: 2-7
cpu_memory_nodes: 0
active_processor_count: 1
cpu_quota: 50000
cpu_period: 100000
cpu_shares: 512
memory_limit_in_bytes: 1048576 k
memory_and_swap_limit_in_bytes: 1048576 k
memory_soft_limit_in_bytes: 524288 k
memory_usage_in_bytes: 607844 k
memory_max_usage_in_bytes: 703268 k
maximum number of tasks: 1000
current number of tasks: 47

KVM virtualization detected
Steal ticks since vm start: 0
Steal ticks percentage since vm start:  0.000

CPU: total 8 (initial active 1) (8 cores per cpu, 2 threads per core) family 23 model 49 stepping 0 microcode 0xffffffff, cx8, cmov, fxsr, ht, mmx, 3dnowpref, sse, sse2, sse3, ssse3, sse4a, sse4.1, sse4.2, popcnt, lzcnt, tsc, tscinvbit, avx, avx2, aes, clmul, bmi1, bmi2, adx, sha, fma, vzeroupper, clflush, clflushopt, hv
CPU Model and flags from /proc/cpuinfo:
model name	: AMD EPYC 7B12
flags		: fpu vme de pse tsc msr pae mce cx8 apic sep mtrr pge mca cmov pat pse36 clflush mmx fxsr sse sse2 ht syscall nx mmxext fxsr_opt pdpe1gb rdtscp lm constant_tsc rep_good nopl nonstop_tsc cpuid extd_apicid tsc_known_freq pni pclmulqdq ssse3 fma cx16 sse4_1 sse4_2 movbe popcnt aes xsave avx f16c rdrand hypervisor lahf_lm cmp_legacy cr8_legacy abm sse4a misalignsse 3dnowprefetch osvw topoext ssbd ibrs ibpb stibp vmmcall fsgsbase tsc_adjust bmi1 avx2 smep bmi2 rdseed adx smap clflushopt clwb sha_ni xsaveopt xsavec xgetbv1 clzero xsaveerptr arat npt nrip_save umip rdpid

Online cpus: 0-7
Offline cpus: 
BIOS frequency limitation: <Not Available>
Frequency switch latency (ns): <Not Available>
Available cpu frequencies: <Not Available>
Current governor: <Not Available>
Core performance/turbo boost: <Not Available>

Memory: 4k page, physical 1048576k(440728k free), swap 0k(0k free)
Page Sizes: 4k

vm_info: OpenJDK 64-Bit Server VM (17.0.5+8-jvmci-22.3-b08) for linux-amd64 JRE (17.0.5+8-jvmci-22.3-b08), built on Oct 19 2022 09:01:27 by "buildslave" with gcc 10.3.0

END.
